<?xml version="1.0" encoding="UTF-8"?>
<!-- Generated by org.testng.reporters.JUnitReportReporter -->
<testsuite hostname="OCIFXDemo-01" failures="0" tests="1" name="com.falcon.TestCases.FalconRunnabletest" time="80.780" errors="0" timestamp="27 Jul 2023 17:58:02 GMT" skipped="0">
  <testcase classname="com.falcon.TestCases.FalconRunnabletest" name="executeTestCases" time="80.780"/>
</testsuite> <!-- com.falcon.TestCases.FalconRunnabletest -->
