<?xml version="1.0" encoding="UTF-8"?>
<!-- Generated by org.testng.reporters.JUnitReportReporter -->
<testsuite skipped="0" hostname="INHBHBLP017129" name="com.falcon.TestCases.TC_012_New_Joint_NonUSAndUSResi_ValidationMsg" tests="1" failures="0" timestamp="03 Dec 2021 11:24:46 GMT" time="252.153" errors="0">
  <testcase name="TC_012_Joint_NonUSndUsResi_ValM" time="252.153" classname="com.falcon.TestCases.TC_012_New_Joint_NonUSAndUSResi_ValidationMsg"/>
</testsuite> <!-- com.falcon.TestCases.TC_012_New_Joint_NonUSAndUSResi_ValidationMsg -->
