<?xml version="1.0" encoding="UTF-8"?>
<!-- Generated by org.testng.reporters.JUnitReportReporter -->
<testsuite skipped="0" hostname="INHBHBLP017129" name="com.falcon.TestCases.TC_016_Existing_Joint_USResi_CashCheck_Approve" tests="1" failures="0" timestamp="03 Dec 2021 11:24:47 GMT" time="382.737" errors="0">
  <testcase name="TC_016_Exst_Joint_CC_Approve" time="382.737" classname="com.falcon.TestCases.TC_016_Existing_Joint_USResi_CashCheck_Approve"/>
</testsuite> <!-- com.falcon.TestCases.TC_016_Existing_Joint_USResi_CashCheck_Approve -->
