<?xml version="1.0" encoding="UTF-8"?>
<!-- Generated by org.testng.reporters.JUnitReportReporter -->
<testsuite skipped="0" hostname="INHBHBLP017129" name="com.falcon.TestCases.TC_013_Existing_Individual_USResi_Debit_Approve" tests="1" failures="0" timestamp="08 Dec 2021 10:51:02 GMT" time="267.641" errors="0">
  <testcase name="TC_013_Exst_Indi_D_Approve" time="267.641" classname="com.falcon.TestCases.TC_013_Existing_Individual_USResi_Debit_Approve"/>
</testsuite> <!-- com.falcon.TestCases.TC_013_Existing_Individual_USResi_Debit_Approve -->
