<?xml version="1.0" encoding="UTF-8"?>
<!-- Generated by org.testng.reporters.JUnitReportReporter -->
<testsuite skipped="0" hostname="INHBHBLP017129" name="com.falcon.TestCases.TC_001_Avoka_AccountCreation_Flow" tests="1" failures="0" timestamp="26 Aug 2021 10:39:45 GMT" time="310.422" errors="0">
  <testcase name="Avoka_TC_001_Approve" time="310.422" classname="com.falcon.TestCases.TC_001_Avoka_AccountCreation_Flow"/>
</testsuite> <!-- com.falcon.TestCases.TC_001_Avoka_AccountCreation_Flow -->
