<?xml version="1.0" encoding="UTF-8"?>
<!-- Generated by org.testng.reporters.JUnitReportReporter -->
<testsuite skipped="0" hostname="INHBHBLP017129" name="com.falcon.TestCases.TC_022_Existing_Joint_NonUSAndNonUSResi_InReview" tests="1" failures="0" timestamp="30 Nov 2021 13:42:03 GMT" time="399.932" errors="0">
  <testcase name="TC_022_Exst_NonUS_Joint_Review" time="399.932" classname="com.falcon.TestCases.TC_022_Existing_Joint_NonUSAndNonUSResi_InReview"/>
</testsuite> <!-- com.falcon.TestCases.TC_022_Existing_Joint_NonUSAndNonUSResi_InReview -->
