<?xml version="1.0" encoding="UTF-8"?>
<!-- Generated by org.testng.reporters.JUnitReportReporter -->
<testsuite skipped="0" hostname="INHBHBLP017129" name="com.falcon.TestCases.TC_004_UM" tests="1" failures="0" timestamp="28 Feb 2022 07:14:33 GMT" time="174.281" errors="0">
  <testcase name="TC_004_Masters_UserMaster_Add" time="174.281" classname="com.falcon.TestCases.TC_004_UM"/>
</testsuite> <!-- com.falcon.TestCases.TC_004_UM -->
