<?xml version="1.0" encoding="UTF-8"?>
<!-- Generated by org.testng.reporters.JUnitReportReporter -->
<testsuite skipped="0" hostname="INHBHBLP017129" name="com.falcon.TestCases.TC_019_Existing_Joint_USResi_Declined_NextDay_CKSM" tests="1" failures="0" timestamp="03 Dec 2021 11:24:47 GMT" time="164.905" errors="0">
  <testcase name="TC_019_Exst_Jnt_DeclineCKSM_ND" time="164.905" classname="com.falcon.TestCases.TC_019_Existing_Joint_USResi_Declined_NextDay_CKSM"/>
</testsuite> <!-- com.falcon.TestCases.TC_019_Existing_Joint_USResi_Declined_NextDay_CKSM -->
