<?xml version="1.0" encoding="UTF-8"?>
<!-- Generated by org.testng.reporters.JUnitReportReporter -->
<testsuite skipped="0" hostname="INHBHBLP017129" name="com.falcon.TestCases.TC_035_New_Joint_USResiUSResi_QualifileDeclined" tests="1" failures="0" timestamp="03 Dec 2021 11:24:45 GMT" time="354.628" errors="0">
  <testcase name="TC_035_Joint_QalifileDeclined" time="354.628" classname="com.falcon.TestCases.TC_035_New_Joint_USResiUSResi_QualifileDeclined"/>
</testsuite> <!-- com.falcon.TestCases.TC_035_New_Joint_USResiUSResi_QualifileDeclined -->
