<?xml version="1.0" encoding="UTF-8"?>
<!-- Generated by org.testng.reporters.JUnitReportReporter -->
<testsuite skipped="0" hostname="INHBHBLP017129" name="com.falcon.TestCases.TC_029_New_Individual_USResi_IDADeclined" tests="1" failures="0" timestamp="03 Dec 2021 11:24:46 GMT" time="184.136" errors="0">
  <testcase name="TC_029_Indi_IDADeclined" time="184.136" classname="com.falcon.TestCases.TC_029_New_Individual_USResi_IDADeclined"/>
</testsuite> <!-- com.falcon.TestCases.TC_029_New_Individual_USResi_IDADeclined -->
