<?xml version="1.0" encoding="UTF-8"?>
<!-- Generated by org.testng.reporters.JUnitReportReporter -->
<testsuite hostname="OCIFXDemo-01" failures="0" tests="1" name="com.falcon.TestCases.TC_001_CreditRisk" time="30.390" errors="0" timestamp="27 Jul 2023 17:58:02 GMT" skipped="0">
  <testcase classname="com.falcon.TestCases.TC_001_CreditRisk" name="TC_001_CreditRiskAdd" time="30.390"/>
</testsuite> <!-- com.falcon.TestCases.TC_001_CreditRisk -->
