<?xml version="1.0" encoding="UTF-8"?>
<!-- Generated by org.testng.reporters.JUnitReportReporter -->
<testsuite skipped="0" hostname="INHBHBLP017129" name="com.falcon.TestCases.TC_023_Existing_Joint_NonUSAndUSResi_ValidationMsg" tests="1" failures="0" timestamp="30 Nov 2021 13:42:03 GMT" time="245.928" errors="0">
  <testcase name="TC_023_Exst_Jnt_NonUSUs_ValM" time="245.928" classname="com.falcon.TestCases.TC_023_Existing_Joint_NonUSAndUSResi_ValidationMsg"/>
</testsuite> <!-- com.falcon.TestCases.TC_023_Existing_Joint_NonUSAndUSResi_ValidationMsg -->
