<?xml version="1.0" encoding="UTF-8"?>
<!-- Generated by org.testng.reporters.JUnitReportReporter -->
<testsuite skipped="0" hostname="INHBHBLP017129" name="com.falcon.TestCases.TC_002_Avoka_AccountCreation_Joint_Flow" tests="1" failures="0" timestamp="01 Sep 2021 12:54:36 GMT" time="438.870" errors="0">
  <testcase name="Avoka_TC_002_ApproveJoint" time="438.870" classname="com.falcon.TestCases.TC_002_Avoka_AccountCreation_Joint_Flow"/>
</testsuite> <!-- com.falcon.TestCases.TC_002_Avoka_AccountCreation_Joint_Flow -->
