<?xml version="1.0" encoding="UTF-8"?>
<!-- Generated by org.testng.reporters.JUnitReportReporter -->
<testsuite skipped="0" hostname="INHBHBLP017129" name="com.falcon.TestCases.TC_031_New_Joint_USResiUSResi_IDVUnverified" tests="1" failures="0" timestamp="03 Dec 2021 11:24:46 GMT" time="359.644" errors="0">
  <testcase name="TC_031_Joint_IDVUnverified" time="359.644" classname="com.falcon.TestCases.TC_031_New_Joint_USResiUSResi_IDVUnverified"/>
</testsuite> <!-- com.falcon.TestCases.TC_031_New_Joint_USResiUSResi_IDVUnverified -->
