<?xml version="1.0" encoding="UTF-8"?>
<!-- Generated by org.testng.reporters.JUnitReportReporter -->
<testsuite skipped="0" hostname="INHBHBLP017129" name="com.falcon.TestCases.TC_014_Existing_Individual_USResi_CashCheck_Approve" tests="1" failures="0" timestamp="08 Dec 2021 15:06:22 GMT" time="254.703" errors="0">
  <testcase name="TC_014_Exst_Indi_CC_Approve" time="254.703" classname="com.falcon.TestCases.TC_014_Existing_Individual_USResi_CashCheck_Approve"/>
</testsuite> <!-- com.falcon.TestCases.TC_014_Existing_Individual_USResi_CashCheck_Approve -->
