<?xml version="1.0" encoding="UTF-8"?>
<!-- Generated by org.testng.reporters.JUnitReportReporter -->
<testsuite skipped="0" hostname="INHBHBLP017129" name="com.falcon.TestCases.TC_005_New_Individual_USResi_CashCheck_ApproveCKSM" tests="1" failures="0" timestamp="03 Dec 2021 11:24:46 GMT" time="269.939" errors="0">
  <testcase name="TC_005_Indi_CC_ApproveCKSM" time="269.939" classname="com.falcon.TestCases.TC_005_New_Individual_USResi_CashCheck_ApproveCKSM"/>
</testsuite> <!-- com.falcon.TestCases.TC_005_New_Individual_USResi_CashCheck_ApproveCKSM -->
