<?xml version="1.0" encoding="UTF-8"?>
<!-- Generated by org.testng.reporters.JUnitReportReporter -->
<testsuite skipped="0" hostname="INHBHBLP017129" name="com.falcon.TestCases.TC_002_New_Individual_USResi_CashCheck_Approve" tests="1" failures="0" timestamp="03 Dec 2021 11:24:45 GMT" time="288.595" errors="0">
  <testcase name="TC_002_Indi_CC_Approve" time="288.595" classname="com.falcon.TestCases.TC_002_New_Individual_USResi_CashCheck_Approve"/>
</testsuite> <!-- com.falcon.TestCases.TC_002_New_Individual_USResi_CashCheck_Approve -->
