<?xml version="1.0" encoding="UTF-8"?>
<!-- Generated by org.testng.reporters.JUnitReportReporter -->
<testsuite skipped="0" hostname="INHBHBLP017129" name="com.falcon.TestCases.TC_017_Existing_Individual_USResi_CashCheck_ApproveCKSM" tests="1" failures="0" timestamp="22 Nov 2021 14:00:18 GMT" time="244.224" errors="0">
  <testcase name="TC_017_Exst_Ind_NoCKSM_Approve" time="244.224" classname="com.falcon.TestCases.TC_017_Existing_Individual_USResi_CashCheck_ApproveCKSM"/>
</testsuite> <!-- com.falcon.TestCases.TC_017_Existing_Individual_USResi_CashCheck_ApproveCKSM -->
