<?xml version="1.0" encoding="UTF-8"?>
<!-- Generated by org.testng.reporters.JUnitReportReporter -->
<testsuite skipped="0" hostname="INHBHBLP017129" name="com.falcon.TestCases.TC_004_Avoka_AccountCreation_Joint_FlowNUS" tests="1" failures="0" timestamp="13 Sep 2021 13:29:35 GMT" time="421.845" errors="0">
  <testcase name="Avoka_TC_004_ReviewJoint" time="421.845" classname="com.falcon.TestCases.TC_004_Avoka_AccountCreation_Joint_FlowNUS"/>
</testsuite> <!-- com.falcon.TestCases.TC_004_Avoka_AccountCreation_Joint_FlowNUS -->
