<?xml version="1.0" encoding="UTF-8"?>
<!-- Generated by org.testng.reporters.JUnitReportReporter -->
<testsuite skipped="0" hostname="INHBHBLP017129" name="com.falcon.TestCases.TC_002_Avoka_Decline_Flow" tests="6" failures="0" timestamp="15 Jun 2021 11:40:52 GMT" time="1793.462" errors="0">
  <testcase name="Avoka_TC_002_Decline" time="155.896" classname="com.falcon.TestCases.TC_002_Avoka_Decline_Flow"/>
  <testcase name="Avoka_TC_002_Decline" time="476.055" classname="com.falcon.TestCases.TC_002_Avoka_Decline_Flow"/>
  <testcase name="Avoka_TC_002_Decline" time="455.801" classname="com.falcon.TestCases.TC_002_Avoka_Decline_Flow"/>
  <testcase name="Avoka_TC_002_Decline" time="370.744" classname="com.falcon.TestCases.TC_002_Avoka_Decline_Flow"/>
  <testcase name="Avoka_TC_002_Decline" time="164.252" classname="com.falcon.TestCases.TC_002_Avoka_Decline_Flow"/>
  <testcase name="Avoka_TC_002_Decline" time="170.714" classname="com.falcon.TestCases.TC_002_Avoka_Decline_Flow"/>
</testsuite> <!-- com.falcon.TestCases.TC_002_Avoka_Decline_Flow -->
