<?xml version="1.0" encoding="UTF-8"?>
<!-- Generated by org.testng.reporters.JUnitReportReporter -->
<testsuite skipped="0" hostname="INHBHBLP017129" name="com.falcon.TestCases.TC_011_New_Joint_NonUSResi_InReview" tests="6" failures="0" timestamp="28 Jan 2022 09:30:15 GMT" time="2340.891" errors="0">
  <testcase name="TC_011_Joint_InReview" time="374.820" classname="com.falcon.TestCases.TC_011_New_Joint_NonUSResi_InReview"/>
  <testcase name="TC_011_Joint_InReview" time="374.861" classname="com.falcon.TestCases.TC_011_New_Joint_NonUSResi_InReview"/>
  <testcase name="TC_011_Joint_InReview" time="386.155" classname="com.falcon.TestCases.TC_011_New_Joint_NonUSResi_InReview"/>
  <testcase name="TC_011_Joint_InReview" time="442.149" classname="com.falcon.TestCases.TC_011_New_Joint_NonUSResi_InReview"/>
  <testcase name="TC_011_Joint_InReview" time="372.728" classname="com.falcon.TestCases.TC_011_New_Joint_NonUSResi_InReview"/>
  <testcase name="TC_011_Joint_InReview" time="390.178" classname="com.falcon.TestCases.TC_011_New_Joint_NonUSResi_InReview"/>
</testsuite> <!-- com.falcon.TestCases.TC_011_New_Joint_NonUSResi_InReview -->
