<?xml version="1.0" encoding="UTF-8"?>
<!-- Generated by org.testng.reporters.JUnitReportReporter -->
<testsuite skipped="0" hostname="INHBHBLP017129" name="com.falcon.TestCases.TC_034_New_Joint_USResiUSResi_IDADeclined" tests="1" failures="0" timestamp="03 Dec 2021 11:24:46 GMT" time="334.201" errors="0">
  <testcase name="TC_034_Joint_IDADeclined" time="334.201" classname="com.falcon.TestCases.TC_034_New_Joint_USResiUSResi_IDADeclined"/>
</testsuite> <!-- com.falcon.TestCases.TC_034_New_Joint_USResiUSResi_IDADeclined -->
