<?xml version="1.0" encoding="UTF-8"?>
<!-- Generated by org.testng.reporters.JUnitReportReporter -->
<testsuite skipped="0" hostname="INHBHBLP017129" name="com.falcon.TestCases.TC_009_New_Individual_USResi_AddDiff_Debit_Approve" tests="1" failures="0" timestamp="03 Dec 2021 11:24:45 GMT" time="311.205" errors="0">
  <testcase name="TC_009_Indi_AddDiff_DCh_Approve" time="311.205" classname="com.falcon.TestCases.TC_009_New_Individual_USResi_AddDiff_Debit_Approve"/>
</testsuite> <!-- com.falcon.TestCases.TC_009_New_Individual_USResi_AddDiff_Debit_Approve -->
