<?xml version="1.0" encoding="UTF-8"?>
<!-- Generated by org.testng.reporters.JUnitReportReporter -->
<testsuite skipped="0" hostname="INHBHBLP017129" name="com.falcon.TestCases.TC_032_New_Joint_USResiUSResi_IDVFail" tests="1" failures="0" timestamp="03 Dec 2021 11:24:46 GMT" time="327.237" errors="0">
  <testcase name="TC_032_Joint_IDVFail" time="327.237" classname="com.falcon.TestCases.TC_032_New_Joint_USResiUSResi_IDVFail"/>
</testsuite> <!-- com.falcon.TestCases.TC_032_New_Joint_USResiUSResi_IDVFail -->
