<?xml version="1.0" encoding="UTF-8"?>
<!-- Generated by org.testng.reporters.JUnitReportReporter -->
<testsuite hostname="WIN-8N2F4M2" failures="0" tests="1" name="com.falcon.TestCases.FalconRunnabletest" time="48.121" errors="0" timestamp="01 Jul 2023 13:04:50 GMT" skipped="0">
  <testcase classname="com.falcon.TestCases.FalconRunnabletest" name="executeTestCases" time="48.121"/>
</testsuite> <!-- com.falcon.TestCases.FalconRunnabletest -->
