<?xml version="1.0" encoding="UTF-8"?>
<!-- Generated by org.testng.reporters.JUnitReportReporter -->
<testsuite skipped="0" hostname="INHBHBLP017129" name="com.falcon.TestCases.TC_021_Existing_Individual_NonUSResi_InReview" tests="1" failures="0" timestamp="30 Nov 2021 13:42:05 GMT" time="246.569" errors="0">
  <testcase name="TC_021_Exst_Indi_InReview" time="246.569" classname="com.falcon.TestCases.TC_021_Existing_Individual_NonUSResi_InReview"/>
</testsuite> <!-- com.falcon.TestCases.TC_021_Existing_Individual_NonUSResi_InReview -->
