<?xml version="1.0" encoding="UTF-8"?>
<!-- Generated by org.testng.reporters.JUnitReportReporter -->
<testsuite skipped="0" hostname="INHBHBLP017129" name="com.falcon.TestCases.TC_024_Existing_Individual_USResi_InternalTransfer_Approve" tests="1" failures="0" timestamp="03 Dec 2021 11:24:45 GMT" time="268.522" errors="0">
  <testcase name="TC_024_Exst_Indi_IntTrn_Approve" time="268.522" classname="com.falcon.TestCases.TC_024_Existing_Individual_USResi_InternalTransfer_Approve"/>
</testsuite> <!-- com.falcon.TestCases.TC_024_Existing_Individual_USResi_InternalTransfer_Approve -->
