<?xml version="1.0" encoding="UTF-8"?>
<!-- Generated by org.testng.reporters.JUnitReportReporter -->
<testsuite skipped="0" hostname="INHBHBLP017129" name="com.falcon.TestCases.TC_003_New_Joint_USResi_Debit_Approve" tests="8" failures="0" timestamp="28 Jan 2022 06:19:22 GMT" time="3513.970" errors="0">
  <testcase name="TC_003_Joint_D_Approve" time="419.803" classname="com.falcon.TestCases.TC_003_New_Joint_USResi_Debit_Approve"/>
  <testcase name="TC_003_Joint_D_Approve" time="438.784" classname="com.falcon.TestCases.TC_003_New_Joint_USResi_Debit_Approve"/>
  <testcase name="TC_003_Joint_D_Approve" time="441.000" classname="com.falcon.TestCases.TC_003_New_Joint_USResi_Debit_Approve"/>
  <testcase name="TC_003_Joint_D_Approve" time="437.110" classname="com.falcon.TestCases.TC_003_New_Joint_USResi_Debit_Approve"/>
  <testcase name="TC_003_Joint_D_Approve" time="439.229" classname="com.falcon.TestCases.TC_003_New_Joint_USResi_Debit_Approve"/>
  <testcase name="TC_003_Joint_D_Approve" time="446.256" classname="com.falcon.TestCases.TC_003_New_Joint_USResi_Debit_Approve"/>
  <testcase name="TC_003_Joint_D_Approve" time="435.091" classname="com.falcon.TestCases.TC_003_New_Joint_USResi_Debit_Approve"/>
  <testcase name="TC_003_Joint_D_Approve" time="456.697" classname="com.falcon.TestCases.TC_003_New_Joint_USResi_Debit_Approve"/>
</testsuite> <!-- com.falcon.TestCases.TC_003_New_Joint_USResi_Debit_Approve -->
