<?xml version="1.0" encoding="UTF-8"?>
<!-- Generated by org.testng.reporters.JUnitReportReporter -->
<testsuite skipped="0" hostname="INHBHBLP017129" name="com.falcon.TestCases.TC_026_New_Individual_USResi_IDVUnVerified" tests="1" failures="0" timestamp="03 Dec 2021 11:24:46 GMT" time="254.990" errors="0">
  <testcase name="TC_026_Indi_IDVUnverified" time="254.990" classname="com.falcon.TestCases.TC_026_New_Individual_USResi_IDVUnVerified"/>
</testsuite> <!-- com.falcon.TestCases.TC_026_New_Individual_USResi_IDVUnVerified -->
