<?xml version="1.0" encoding="UTF-8"?>
<!-- Generated by org.testng.reporters.JUnitReportReporter -->
<testsuite skipped="0" hostname="INHBHBLP017129" name="com.falcon.TestCases.TC_001_Master1" tests="1" failures="0" timestamp="21 Feb 2022 09:20:17 GMT" time="68.820" errors="0">
  <testcase name="TC_001_Master1_ABC" time="68.820" classname="com.falcon.TestCases.TC_001_Master1"/>
</testsuite> <!-- com.falcon.TestCases.TC_001_Master1 -->
