<?xml version="1.0" encoding="UTF-8"?>
<!-- Generated by org.testng.reporters.JUnitReportReporter -->
<testsuite skipped="0" hostname="INHBHBLP017129" name="com.falcon.TestCases.TC_008_New_Individual_USResi_WithBene_CashCheck_Approve" tests="1" failures="0" timestamp="03 Dec 2021 11:24:46 GMT" time="316.086" errors="0">
  <testcase name="TC_008_Indi_WithBene_CC_Approve" time="316.086" classname="com.falcon.TestCases.TC_008_New_Individual_USResi_WithBene_CashCheck_Approve"/>
</testsuite> <!-- com.falcon.TestCases.TC_008_New_Individual_USResi_WithBene_CashCheck_Approve -->
