<?xml version="1.0" encoding="UTF-8"?>
<!-- Generated by org.testng.reporters.JUnitReportReporter -->
<testsuite skipped="0" hostname="INHBHBLP017129" name="com.falcon.TestCases.TC_003_Avoka_AccountCreation_FlowNUS" tests="1" failures="0" timestamp="07 Sep 2021 13:37:10 GMT" time="275.871" errors="0">
  <testcase name="Avoka_TC_003_ReviewInd" time="275.871" classname="com.falcon.TestCases.TC_003_Avoka_AccountCreation_FlowNUS"/>
</testsuite> <!-- com.falcon.TestCases.TC_003_Avoka_AccountCreation_FlowNUS -->
