<?xml version="1.0" encoding="UTF-8"?>
<!-- Generated by org.testng.reporters.JUnitReportReporter -->
<testsuite skipped="0" hostname="INHBHBLP017129" name="com.falcon.TestCases.TC_019_Existing_Joint_USResi_DeclinedCKSMNextDay" tests="1" failures="0" timestamp="12 Nov 2021 09:11:28 GMT" time="230.402" errors="0">
  <testcase name="TC_019_Joint_DeclineCKSM_ND" time="230.402" classname="com.falcon.TestCases.TC_019_Existing_Joint_USResi_DeclinedCKSMNextDay"/>
</testsuite> <!-- com.falcon.TestCases.TC_019_Existing_Joint_USResi_DeclinedCKSMNextDay -->
