<?xml version="1.0" encoding="UTF-8"?>
<!-- Generated by org.testng.reporters.JUnitReportReporter -->
<testsuite skipped="0" hostname="INHBHBLP017129" name="com.falcon.TestCases.TC_001_UM" tests="1" failures="0" timestamp="01 Mar 2022 07:20:06 GMT" time="46.257" errors="0">
  <testcase name="TC_001_UserManagement_Login" time="46.257" classname="com.falcon.TestCases.TC_001_UM"/>
</testsuite> <!-- com.falcon.TestCases.TC_001_UM -->
