<?xml version="1.0" encoding="UTF-8"?>
<!-- Generated by org.testng.reporters.JUnitReportReporter -->
<testsuite skipped="0" hostname="INHBHBLP017129" name="com.falcon.TestCases.TC_001_New_Individual_USResi_Debit_Approve" tests="1" failures="0" timestamp="28 Jan 2022 05:14:35 GMT" time="434.290" errors="0">
  <testcase name="TC_001_Indi_D_Approve" time="434.290" classname="com.falcon.TestCases.TC_001_New_Individual_USResi_Debit_Approve"/>
</testsuite> <!-- com.falcon.TestCases.TC_001_New_Individual_USResi_Debit_Approve -->
