<?xml version="1.0" encoding="UTF-8"?>
<!-- Generated by org.testng.reporters.JUnitReportReporter -->
<testsuite skipped="0" hostname="INHBHBLP017129" name="com.falcon.TestCases.TC_010_New_Individual_NonUSResi_InReview" tests="1" failures="0" timestamp="08 Dec 2021 15:06:22 GMT" time="241.775" errors="0">
  <testcase name="TC_010_Indi_InReview" time="241.775" classname="com.falcon.TestCases.TC_010_New_Individual_NonUSResi_InReview"/>
</testsuite> <!-- com.falcon.TestCases.TC_010_New_Individual_NonUSResi_InReview -->
