<?xml version="1.0" encoding="UTF-8"?>
<!-- Generated by org.testng.reporters.JUnitReportReporter -->
<testsuite skipped="0" hostname="INHBHBLP017129" name="com.falcon.TestCases.TC_020_Existing_Individual_USResi_WithBene_CashCheck_Approve" tests="1" failures="0" timestamp="03 Dec 2021 11:24:46 GMT" time="281.203" errors="0">
  <testcase name="TC_020_Exst_Indi_WithBene_CCApp" time="281.203" classname="com.falcon.TestCases.TC_020_Existing_Individual_USResi_WithBene_CashCheck_Approve"/>
</testsuite> <!-- com.falcon.TestCases.TC_020_Existing_Individual_USResi_WithBene_CashCheck_Approve -->
