<?xml version="1.0" encoding="UTF-8"?>
<!-- Generated by org.testng.reporters.JUnitReportReporter -->
<testsuite skipped="0" hostname="INHBHBLP017129" name="com.falcon.TestCases.TC_025_Existing_Joint_USResi_InternalTransfer_Approve" tests="1" failures="0" timestamp="08 Dec 2021 15:06:22 GMT" time="382.040" errors="0">
  <testcase name="TC_025_Exst_Joint_IntT_Approve" time="382.040" classname="com.falcon.TestCases.TC_025_Existing_Joint_USResi_InternalTransfer_Approve"/>
</testsuite> <!-- com.falcon.TestCases.TC_025_Existing_Joint_USResi_InternalTransfer_Approve -->
