<?xml version="1.0" encoding="UTF-8"?>
<!-- Generated by org.testng.reporters.JUnitReportReporter -->
<testsuite skipped="0" hostname="INHBHBLP017129" name="com.falcon.TestCases.TC_028_New_Individual_USResi_IDAUnverified" tests="1" failures="0" timestamp="03 Dec 2021 11:24:46 GMT" time="317.403" errors="0">
  <testcase name="TC_028_Indi_IDAUnverified" time="317.403" classname="com.falcon.TestCases.TC_028_New_Individual_USResi_IDAUnverified"/>
</testsuite> <!-- com.falcon.TestCases.TC_028_New_Individual_USResi_IDAUnverified -->
