<?xml version="1.0" encoding="UTF-8"?>
<!-- Generated by org.testng.reporters.JUnitReportReporter -->
<testsuite skipped="0" hostname="INHBHBLP017129" name="com.falcon.TestCases.TC_033_New_Joint_USResiUSResi_IDAUnverified" tests="1" failures="0" timestamp="03 Dec 2021 11:24:45 GMT" time="458.581" errors="0">
  <testcase name="TC_033_Joint_IDAUnverified" time="458.581" classname="com.falcon.TestCases.TC_033_New_Joint_USResiUSResi_IDAUnverified"/>
</testsuite> <!-- com.falcon.TestCases.TC_033_New_Joint_USResiUSResi_IDAUnverified -->
