<?xml version="1.0" encoding="UTF-8"?>
<!-- Generated by org.testng.reporters.JUnitReportReporter -->
<testsuite skipped="0" hostname="INHBHBLP017129" name="com.falcon.TestCases.TC_006_New_Individual_USResi_CashCheck_DeclinedCKSMSameDay" tests="1" failures="0" timestamp="29 Oct 2021 07:11:14 GMT" time="252.853" errors="0">
  <testcase name="TC_006_Indi_CC_DeclineCKSM_SD" time="252.853" classname="com.falcon.TestCases.TC_006_New_Individual_USResi_CashCheck_DeclinedCKSMSameDay"/>
</testsuite> <!-- com.falcon.TestCases.TC_006_New_Individual_USResi_CashCheck_DeclinedCKSMSameDay -->
