<?xml version="1.0" encoding="UTF-8"?>
<testsuite xmlns:xsi="http://www.w3.org/2001/XMLSchema-instance" xsi:noNamespaceSchemaLocation="https://maven.apache.org/surefire/maven-surefire-plugin/xsd/surefire-test-report-3.0.xsd" version="3.0" name="com.falcon.TestCases.FalconRunnabletest" time="81.003" tests="1" errors="0" skipped="0" failures="0">
  <properties>
    <property name="sun.desktop" value="windows"/>
    <property name="awt.toolkit" value="sun.awt.windows.WToolkit"/>
    <property name="java.specification.version" value="11"/>
    <property name="webdriver.chrome.driver" value="D:\FlexibPlus\DigitalAutomation\3i-Bank_FalconFramework\Drivers\chromedriver.exe"/>
    <property name="sun.cpu.isalist" value="amd64"/>
    <property name="sun.jnu.encoding" value="Cp1252"/>
    <property name="java.class.path" value="D:\FlexibPlus\DigitalAutomation\3i-Bank_FalconFramework\target\test-classes;D:\FlexibPlus\DigitalAutomation\3i-Bank_FalconFramework\target\classes;C:\Users\Devadmin\.m2\repository\junit\junit\3.8.1\junit-3.8.1.jar;C:\Users\Devadmin\.m2\repository\org\testng\testng\6.14.3\testng-6.14.3.jar;C:\Users\Devadmin\.m2\repository\com\beust\jcommander\1.72\jcommander-1.72.jar;C:\Users\Devadmin\.m2\repository\org\apache-extras\beanshell\bsh\2.0b6\bsh-2.0b6.jar;C:\Users\Devadmin\.m2\repository\com\googlecode\json-simple\json-simple\1.1.1\json-simple-1.1.1.jar;C:\Users\Devadmin\.m2\repository\org\apache\servicemix\bundles\org.apache.servicemix.bundles.poi\4.1.2_1\org.apache.servicemix.bundles.poi-4.1.2_1.jar;C:\Users\Devadmin\.m2\repository\com\github\virtuald\curvesapi\1.05\curvesapi-1.05.jar;C:\Users\Devadmin\.m2\repository\com\github\virtuald\curvesapi\1.05\curvesapi-1.05-sources.jar;C:\Users\Devadmin\.m2\repository\org\apache\xmlbeans\xmlbeans\3.0.2\xmlbeans-3.0.2.jar;C:\Users\Devadmin\.m2\repository\org\apache\commons\commons-collections4\4.4\commons-collections4-4.4.jar;C:\Users\Devadmin\.m2\repository\org\apache\commons\commons-compress\1.20\commons-compress-1.20.jar;C:\Users\Devadmin\.m2\repository\javax\mail\javax.mail-api\1.5.5\javax.mail-api-1.5.5.jar;C:\Users\Devadmin\.m2\repository\com\sun\mail\javax.mail\1.5.5\javax.mail-1.5.5.jar;C:\Users\Devadmin\.m2\repository\javax\activation\activation\1.1\activation-1.1.jar;C:\Users\Devadmin\.m2\repository\com\github\stephenc\monte\monte-screen-recorder\0.7.7.0\monte-screen-recorder-0.7.7.0.jar;C:\Users\Devadmin\.m2\repository\org\apache\pdfbox\pdfbox\2.0.19\pdfbox-2.0.19.jar;C:\Users\Devadmin\.m2\repository\org\apache\pdfbox\fontbox\2.0.19\fontbox-2.0.19.jar;C:\Users\Devadmin\.m2\repository\commons-logging\commons-logging\1.2\commons-logging-1.2.jar;C:\Users\Devadmin\.m2\repository\com\microsoft\sqlserver\mssql-jdbc\7.0.0.jre8\mssql-jdbc-7.0.0.jre8.jar;C:\Users\Devadmin\.m2\repository\org\seleniumhq\selenium\selenium-java\3.14.0\selenium-java-3.14.0.jar;C:\Users\Devadmin\.m2\repository\org\seleniumhq\selenium\selenium-api\3.14.0\selenium-api-3.14.0.jar;C:\Users\Devadmin\.m2\repository\org\seleniumhq\selenium\selenium-chrome-driver\3.14.0\selenium-chrome-driver-3.14.0.jar;C:\Users\Devadmin\.m2\repository\org\seleniumhq\selenium\selenium-edge-driver\3.14.0\selenium-edge-driver-3.14.0.jar;C:\Users\Devadmin\.m2\repository\org\seleniumhq\selenium\selenium-firefox-driver\3.14.0\selenium-firefox-driver-3.14.0.jar;C:\Users\Devadmin\.m2\repository\org\seleniumhq\selenium\selenium-ie-driver\3.14.0\selenium-ie-driver-3.14.0.jar;C:\Users\Devadmin\.m2\repository\org\seleniumhq\selenium\selenium-opera-driver\3.14.0\selenium-opera-driver-3.14.0.jar;C:\Users\Devadmin\.m2\repository\org\seleniumhq\selenium\selenium-remote-driver\3.14.0\selenium-remote-driver-3.14.0.jar;C:\Users\Devadmin\.m2\repository\org\seleniumhq\selenium\selenium-safari-driver\3.14.0\selenium-safari-driver-3.14.0.jar;C:\Users\Devadmin\.m2\repository\org\seleniumhq\selenium\selenium-support\3.14.0\selenium-support-3.14.0.jar;C:\Users\Devadmin\.m2\repository\org\apache\commons\commons-exec\1.3\commons-exec-1.3.jar;C:\Users\Devadmin\.m2\repository\commons-codec\commons-codec\1.10\commons-codec-1.10.jar;C:\Users\Devadmin\.m2\repository\com\google\guava\guava\25.0-jre\guava-25.0-jre.jar;C:\Users\Devadmin\.m2\repository\com\google\code\findbugs\jsr305\1.3.9\jsr305-1.3.9.jar;C:\Users\Devadmin\.m2\repository\org\checkerframework\checker-compat-qual\2.0.0\checker-compat-qual-2.0.0.jar;C:\Users\Devadmin\.m2\repository\com\google\errorprone\error_prone_annotations\2.1.3\error_prone_annotations-2.1.3.jar;C:\Users\Devadmin\.m2\repository\com\google\j2objc\j2objc-annotations\1.1\j2objc-annotations-1.1.jar;C:\Users\Devadmin\.m2\repository\org\codehaus\mojo\animal-sniffer-annotations\1.14\animal-sniffer-annotations-1.14.jar;C:\Users\Devadmin\.m2\repository\org\apache\httpcomponents\httpclient\4.5.5\httpclient-4.5.5.jar;C:\Users\Devadmin\.m2\repository\org\apache\httpcomponents\httpcore\4.4.9\httpcore-4.4.9.jar;C:\Users\Devadmin\.m2\repository\com\squareup\okhttp3\okhttp\3.10.0\okhttp-3.10.0.jar;C:\Users\Devadmin\.m2\repository\com\squareup\okio\okio\1.14.1\okio-1.14.1.jar;C:\Users\Devadmin\.m2\repository\log4j\log4j\1.2.17\log4j-1.2.17.jar;C:\Users\Devadmin\.m2\repository\com\aventstack\extentreports\3.1.5\extentreports-3.1.5.jar;C:\Users\Devadmin\.m2\repository\org\freemarker\freemarker\2.3.23\freemarker-2.3.23.jar;C:\Users\Devadmin\.m2\repository\org\mongodb\mongodb-driver\3.3.0\mongodb-driver-3.3.0.jar;C:\Users\Devadmin\.m2\repository\org\mongodb\bson\3.3.0\bson-3.3.0.jar;C:\Users\Devadmin\.m2\repository\org\mongodb\mongodb-driver-core\3.3.0\mongodb-driver-core-3.3.0.jar;C:\Users\Devadmin\.m2\repository\org\apache\httpcomponents\httpmime\4.5.2\httpmime-4.5.2.jar;C:\Users\Devadmin\.m2\repository\org\jsoup\jsoup\1.9.2\jsoup-1.9.2.jar;C:\Users\Devadmin\.m2\repository\com\google\code\gson\gson\2.8.0\gson-2.8.0.jar;C:\Users\Devadmin\.m2\repository\commons-io\commons-io\1.3.2\commons-io-1.3.2.jar;C:\Users\Devadmin\.m2\repository\org\apache\poi\poi\4.1.1\poi-4.1.1.jar;C:\Users\Devadmin\.m2\repository\org\apache\commons\commons-math3\3.6.1\commons-math3-3.6.1.jar;C:\Users\Devadmin\.m2\repository\org\apache\poi\poi-ooxml\4.1.1\poi-ooxml-4.1.1.jar;C:\Users\Devadmin\.m2\repository\org\apache\poi\poi-ooxml-schemas\3.17\poi-ooxml-schemas-3.17.jar;C:\Users\Devadmin\.m2\repository\org\apache\poi\ooxml-schemas\1.1\ooxml-schemas-1.1.jar;C:\Users\Devadmin\.m2\repository\org\apache\poi\poi-scratchpad\3.17\poi-scratchpad-3.17.jar;C:\Users\Devadmin\.m2\repository\com\github\adiralashiva8\testng-metrics\1.5\testng-metrics-1.5.jar;C:\Users\Devadmin\.m2\repository\org\apache\poi\openxml4j\1.0-beta\openxml4j-1.0-beta.jar;C:\Users\Devadmin\.m2\repository\dom4j\dom4j\1.6.1\dom4j-1.6.1.jar;C:\Users\Devadmin\.m2\repository\xml-apis\xml-apis\1.0.b2\xml-apis-1.0.b2.jar;C:\Users\Devadmin\.m2\repository\commons-configuration\commons-configuration\1.10\commons-configuration-1.10.jar;C:\Users\Devadmin\.m2\repository\commons-lang\commons-lang\2.6\commons-lang-2.6.jar;C:\Users\Devadmin\.m2\repository\io\appium\java-client\6.1.0\java-client-6.1.0.jar;C:\Users\Devadmin\.m2\repository\cglib\cglib\3.2.6\cglib-3.2.6.jar;C:\Users\Devadmin\.m2\repository\org\ow2\asm\asm\6.0\asm-6.0.jar;C:\Users\Devadmin\.m2\repository\org\apache\ant\ant\1.9.6\ant-1.9.6.jar;C:\Users\Devadmin\.m2\repository\org\apache\ant\ant-launcher\1.9.6\ant-launcher-1.9.6.jar;C:\Users\Devadmin\.m2\repository\commons-validator\commons-validator\1.6\commons-validator-1.6.jar;C:\Users\Devadmin\.m2\repository\commons-beanutils\commons-beanutils\1.9.2\commons-beanutils-1.9.2.jar;C:\Users\Devadmin\.m2\repository\commons-digester\commons-digester\1.8.1\commons-digester-1.8.1.jar;C:\Users\Devadmin\.m2\repository\commons-collections\commons-collections\3.2.2\commons-collections-3.2.2.jar;C:\Users\Devadmin\.m2\repository\org\apache\commons\commons-lang3\3.7\commons-lang3-3.7.jar;C:\Users\Devadmin\.m2\repository\org\springframework\spring-context\5.0.5.RELEASE\spring-context-5.0.5.RELEASE.jar;C:\Users\Devadmin\.m2\repository\org\springframework\spring-aop\5.0.5.RELEASE\spring-aop-5.0.5.RELEASE.jar;C:\Users\Devadmin\.m2\repository\org\springframework\spring-beans\5.0.5.RELEASE\spring-beans-5.0.5.RELEASE.jar;C:\Users\Devadmin\.m2\repository\org\springframework\spring-core\5.0.5.RELEASE\spring-core-5.0.5.RELEASE.jar;C:\Users\Devadmin\.m2\repository\org\springframework\spring-jcl\5.0.5.RELEASE\spring-jcl-5.0.5.RELEASE.jar;C:\Users\Devadmin\.m2\repository\org\springframework\spring-expression\5.0.5.RELEASE\spring-expression-5.0.5.RELEASE.jar;C:\Users\Devadmin\.m2\repository\org\aspectj\aspectjweaver\1.9.1\aspectjweaver-1.9.1.jar;C:\Users\Devadmin\.m2\repository\org\openpnp\opencv\3.2.0-1\opencv-3.2.0-1.jar;C:\Users\Devadmin\.m2\repository\net\bytebuddy\byte-buddy\1.9.5\byte-buddy-1.9.5.jar;C:\Users\Devadmin\.m2\repository\com\codoid\products\fillo\1.21\fillo-1.21.jar;D:\FlexibPlus\DigitalAutomation\3i-Bank_FalconFramework\Images\java2word-3.3.jar;D:\FlexibPlus\DigitalAutomation\3i-Bank_FalconFramework\Images\mssql-jdbc-6.1.0.jre8.jar;D:\FlexibPlus\DigitalAutomation\3i-Bank_FalconFramework\Images\xstream-1.3.1.jar;"/>
    <property name="testng.metrics.logo" value="https://www.3i-infotech.com/wp-content/uploads/2021/04/3I-infotech-logo.png"/>
    <property name="java.vm.vendor" value="Oracle Corporation"/>
    <property name="sun.arch.data.model" value="64"/>
    <property name="user.variant" value=""/>
    <property name="java.vendor.url" value="https://openjdk.java.net/"/>
    <property name="user.timezone" value="UTC"/>
    <property name="java.vm.specification.version" value="11"/>
    <property name="os.name" value="Windows Server 2019"/>
    <property name="sun.java.launcher" value="SUN_STANDARD"/>
    <property name="user.country" value="US"/>
    <property name="sun.boot.library.path" value="C:\Program Files\Java\jdk-11.0.16\bin"/>
    <property name="sun.java.command" value="C:\Users\Devadmin\AppData\Local\Temp\2\surefire12447638693477049865\surefirebooter11028571289890188240.jar C:\Users\Devadmin\AppData\Local\Temp\2\surefire12447638693477049865 2023-07-27T17-56-40_442-jvmRun1 surefire5668799746567079279tmp surefire_014270341727516537295tmp"/>
    <property name="jdk.debug" value="release"/>
    <property name="test" value="com.falcon.TestCases.FalconRunnabletest"/>
    <property name="surefire.test.class.path" value="D:\FlexibPlus\DigitalAutomation\3i-Bank_FalconFramework\target\test-classes;D:\FlexibPlus\DigitalAutomation\3i-Bank_FalconFramework\target\classes;C:\Users\Devadmin\.m2\repository\junit\junit\3.8.1\junit-3.8.1.jar;C:\Users\Devadmin\.m2\repository\org\testng\testng\6.14.3\testng-6.14.3.jar;C:\Users\Devadmin\.m2\repository\com\beust\jcommander\1.72\jcommander-1.72.jar;C:\Users\Devadmin\.m2\repository\org\apache-extras\beanshell\bsh\2.0b6\bsh-2.0b6.jar;C:\Users\Devadmin\.m2\repository\com\googlecode\json-simple\json-simple\1.1.1\json-simple-1.1.1.jar;C:\Users\Devadmin\.m2\repository\org\apache\servicemix\bundles\org.apache.servicemix.bundles.poi\4.1.2_1\org.apache.servicemix.bundles.poi-4.1.2_1.jar;C:\Users\Devadmin\.m2\repository\com\github\virtuald\curvesapi\1.05\curvesapi-1.05.jar;C:\Users\Devadmin\.m2\repository\com\github\virtuald\curvesapi\1.05\curvesapi-1.05-sources.jar;C:\Users\Devadmin\.m2\repository\org\apache\xmlbeans\xmlbeans\3.0.2\xmlbeans-3.0.2.jar;C:\Users\Devadmin\.m2\repository\org\apache\commons\commons-collections4\4.4\commons-collections4-4.4.jar;C:\Users\Devadmin\.m2\repository\org\apache\commons\commons-compress\1.20\commons-compress-1.20.jar;C:\Users\Devadmin\.m2\repository\javax\mail\javax.mail-api\1.5.5\javax.mail-api-1.5.5.jar;C:\Users\Devadmin\.m2\repository\com\sun\mail\javax.mail\1.5.5\javax.mail-1.5.5.jar;C:\Users\Devadmin\.m2\repository\javax\activation\activation\1.1\activation-1.1.jar;C:\Users\Devadmin\.m2\repository\com\github\stephenc\monte\monte-screen-recorder\0.7.7.0\monte-screen-recorder-0.7.7.0.jar;C:\Users\Devadmin\.m2\repository\org\apache\pdfbox\pdfbox\2.0.19\pdfbox-2.0.19.jar;C:\Users\Devadmin\.m2\repository\org\apache\pdfbox\fontbox\2.0.19\fontbox-2.0.19.jar;C:\Users\Devadmin\.m2\repository\commons-logging\commons-logging\1.2\commons-logging-1.2.jar;C:\Users\Devadmin\.m2\repository\com\microsoft\sqlserver\mssql-jdbc\7.0.0.jre8\mssql-jdbc-7.0.0.jre8.jar;C:\Users\Devadmin\.m2\repository\org\seleniumhq\selenium\selenium-java\3.14.0\selenium-java-3.14.0.jar;C:\Users\Devadmin\.m2\repository\org\seleniumhq\selenium\selenium-api\3.14.0\selenium-api-3.14.0.jar;C:\Users\Devadmin\.m2\repository\org\seleniumhq\selenium\selenium-chrome-driver\3.14.0\selenium-chrome-driver-3.14.0.jar;C:\Users\Devadmin\.m2\repository\org\seleniumhq\selenium\selenium-edge-driver\3.14.0\selenium-edge-driver-3.14.0.jar;C:\Users\Devadmin\.m2\repository\org\seleniumhq\selenium\selenium-firefox-driver\3.14.0\selenium-firefox-driver-3.14.0.jar;C:\Users\Devadmin\.m2\repository\org\seleniumhq\selenium\selenium-ie-driver\3.14.0\selenium-ie-driver-3.14.0.jar;C:\Users\Devadmin\.m2\repository\org\seleniumhq\selenium\selenium-opera-driver\3.14.0\selenium-opera-driver-3.14.0.jar;C:\Users\Devadmin\.m2\repository\org\seleniumhq\selenium\selenium-remote-driver\3.14.0\selenium-remote-driver-3.14.0.jar;C:\Users\Devadmin\.m2\repository\org\seleniumhq\selenium\selenium-safari-driver\3.14.0\selenium-safari-driver-3.14.0.jar;C:\Users\Devadmin\.m2\repository\org\seleniumhq\selenium\selenium-support\3.14.0\selenium-support-3.14.0.jar;C:\Users\Devadmin\.m2\repository\org\apache\commons\commons-exec\1.3\commons-exec-1.3.jar;C:\Users\Devadmin\.m2\repository\commons-codec\commons-codec\1.10\commons-codec-1.10.jar;C:\Users\Devadmin\.m2\repository\com\google\guava\guava\25.0-jre\guava-25.0-jre.jar;C:\Users\Devadmin\.m2\repository\com\google\code\findbugs\jsr305\1.3.9\jsr305-1.3.9.jar;C:\Users\Devadmin\.m2\repository\org\checkerframework\checker-compat-qual\2.0.0\checker-compat-qual-2.0.0.jar;C:\Users\Devadmin\.m2\repository\com\google\errorprone\error_prone_annotations\2.1.3\error_prone_annotations-2.1.3.jar;C:\Users\Devadmin\.m2\repository\com\google\j2objc\j2objc-annotations\1.1\j2objc-annotations-1.1.jar;C:\Users\Devadmin\.m2\repository\org\codehaus\mojo\animal-sniffer-annotations\1.14\animal-sniffer-annotations-1.14.jar;C:\Users\Devadmin\.m2\repository\org\apache\httpcomponents\httpclient\4.5.5\httpclient-4.5.5.jar;C:\Users\Devadmin\.m2\repository\org\apache\httpcomponents\httpcore\4.4.9\httpcore-4.4.9.jar;C:\Users\Devadmin\.m2\repository\com\squareup\okhttp3\okhttp\3.10.0\okhttp-3.10.0.jar;C:\Users\Devadmin\.m2\repository\com\squareup\okio\okio\1.14.1\okio-1.14.1.jar;C:\Users\Devadmin\.m2\repository\log4j\log4j\1.2.17\log4j-1.2.17.jar;C:\Users\Devadmin\.m2\repository\com\aventstack\extentreports\3.1.5\extentreports-3.1.5.jar;C:\Users\Devadmin\.m2\repository\org\freemarker\freemarker\2.3.23\freemarker-2.3.23.jar;C:\Users\Devadmin\.m2\repository\org\mongodb\mongodb-driver\3.3.0\mongodb-driver-3.3.0.jar;C:\Users\Devadmin\.m2\repository\org\mongodb\bson\3.3.0\bson-3.3.0.jar;C:\Users\Devadmin\.m2\repository\org\mongodb\mongodb-driver-core\3.3.0\mongodb-driver-core-3.3.0.jar;C:\Users\Devadmin\.m2\repository\org\apache\httpcomponents\httpmime\4.5.2\httpmime-4.5.2.jar;C:\Users\Devadmin\.m2\repository\org\jsoup\jsoup\1.9.2\jsoup-1.9.2.jar;C:\Users\Devadmin\.m2\repository\com\google\code\gson\gson\2.8.0\gson-2.8.0.jar;C:\Users\Devadmin\.m2\repository\commons-io\commons-io\1.3.2\commons-io-1.3.2.jar;C:\Users\Devadmin\.m2\repository\org\apache\poi\poi\4.1.1\poi-4.1.1.jar;C:\Users\Devadmin\.m2\repository\org\apache\commons\commons-math3\3.6.1\commons-math3-3.6.1.jar;C:\Users\Devadmin\.m2\repository\org\apache\poi\poi-ooxml\4.1.1\poi-ooxml-4.1.1.jar;C:\Users\Devadmin\.m2\repository\org\apache\poi\poi-ooxml-schemas\3.17\poi-ooxml-schemas-3.17.jar;C:\Users\Devadmin\.m2\repository\org\apache\poi\ooxml-schemas\1.1\ooxml-schemas-1.1.jar;C:\Users\Devadmin\.m2\repository\org\apache\poi\poi-scratchpad\3.17\poi-scratchpad-3.17.jar;C:\Users\Devadmin\.m2\repository\com\github\adiralashiva8\testng-metrics\1.5\testng-metrics-1.5.jar;C:\Users\Devadmin\.m2\repository\org\apache\poi\openxml4j\1.0-beta\openxml4j-1.0-beta.jar;C:\Users\Devadmin\.m2\repository\dom4j\dom4j\1.6.1\dom4j-1.6.1.jar;C:\Users\Devadmin\.m2\repository\xml-apis\xml-apis\1.0.b2\xml-apis-1.0.b2.jar;C:\Users\Devadmin\.m2\repository\commons-configuration\commons-configuration\1.10\commons-configuration-1.10.jar;C:\Users\Devadmin\.m2\repository\commons-lang\commons-lang\2.6\commons-lang-2.6.jar;C:\Users\Devadmin\.m2\repository\io\appium\java-client\6.1.0\java-client-6.1.0.jar;C:\Users\Devadmin\.m2\repository\cglib\cglib\3.2.6\cglib-3.2.6.jar;C:\Users\Devadmin\.m2\repository\org\ow2\asm\asm\6.0\asm-6.0.jar;C:\Users\Devadmin\.m2\repository\org\apache\ant\ant\1.9.6\ant-1.9.6.jar;C:\Users\Devadmin\.m2\repository\org\apache\ant\ant-launcher\1.9.6\ant-launcher-1.9.6.jar;C:\Users\Devadmin\.m2\repository\commons-validator\commons-validator\1.6\commons-validator-1.6.jar;C:\Users\Devadmin\.m2\repository\commons-beanutils\commons-beanutils\1.9.2\commons-beanutils-1.9.2.jar;C:\Users\Devadmin\.m2\repository\commons-digester\commons-digester\1.8.1\commons-digester-1.8.1.jar;C:\Users\Devadmin\.m2\repository\commons-collections\commons-collections\3.2.2\commons-collections-3.2.2.jar;C:\Users\Devadmin\.m2\repository\org\apache\commons\commons-lang3\3.7\commons-lang3-3.7.jar;C:\Users\Devadmin\.m2\repository\org\springframework\spring-context\5.0.5.RELEASE\spring-context-5.0.5.RELEASE.jar;C:\Users\Devadmin\.m2\repository\org\springframework\spring-aop\5.0.5.RELEASE\spring-aop-5.0.5.RELEASE.jar;C:\Users\Devadmin\.m2\repository\org\springframework\spring-beans\5.0.5.RELEASE\spring-beans-5.0.5.RELEASE.jar;C:\Users\Devadmin\.m2\repository\org\springframework\spring-core\5.0.5.RELEASE\spring-core-5.0.5.RELEASE.jar;C:\Users\Devadmin\.m2\repository\org\springframework\spring-jcl\5.0.5.RELEASE\spring-jcl-5.0.5.RELEASE.jar;C:\Users\Devadmin\.m2\repository\org\springframework\spring-expression\5.0.5.RELEASE\spring-expression-5.0.5.RELEASE.jar;C:\Users\Devadmin\.m2\repository\org\aspectj\aspectjweaver\1.9.1\aspectjweaver-1.9.1.jar;C:\Users\Devadmin\.m2\repository\org\openpnp\opencv\3.2.0-1\opencv-3.2.0-1.jar;C:\Users\Devadmin\.m2\repository\net\bytebuddy\byte-buddy\1.9.5\byte-buddy-1.9.5.jar;C:\Users\Devadmin\.m2\repository\com\codoid\products\fillo\1.21\fillo-1.21.jar;D:\FlexibPlus\DigitalAutomation\3i-Bank_FalconFramework\Images\java2word-3.3.jar;D:\FlexibPlus\DigitalAutomation\3i-Bank_FalconFramework\Images\mssql-jdbc-6.1.0.jre8.jar;D:\FlexibPlus\DigitalAutomation\3i-Bank_FalconFramework\Images\xstream-1.3.1.jar;"/>
    <property name="sun.cpu.endian" value="little"/>
    <property name="user.home" value="C:\Users\Devadmin"/>
    <property name="user.language" value="en"/>
    <property name="java.specification.vendor" value="Oracle Corporation"/>
    <property name="java.version.date" value="2022-07-19"/>
    <property name="java.home" value="C:\Program Files\Java\jdk-11.0.16"/>
    <property name="file.separator" value="\"/>
    <property name="basedir" value="D:\FlexibPlus\DigitalAutomation\3i-Bank_FalconFramework"/>
    <property name="java.vm.compressedOopsMode" value="Zero based"/>
    <property name="line.separator" value="&#10;"/>
    <property name="java.specification.name" value="Java Platform API Specification"/>
    <property name="java.vm.specification.vendor" value="Oracle Corporation"/>
    <property name="java.awt.graphicsenv" value="sun.awt.Win32GraphicsEnvironment"/>
    <property name="surefire.real.class.path" value="C:\Users\Devadmin\AppData\Local\Temp\2\surefire12447638693477049865\surefirebooter11028571289890188240.jar"/>
    <property name="user.script" value=""/>
    <property name="sun.management.compiler" value="HotSpot 64-Bit Tiered Compilers"/>
    <property name="java.runtime.version" value="11.0.16+11-LTS-199"/>
    <property name="user.name" value="Devadmin"/>
    <property name="path.separator" value=";"/>
    <property name="os.version" value="10.0"/>
    <property name="java.runtime.name" value="Java(TM) SE Runtime Environment"/>
    <property name="file.encoding" value="Cp1252"/>
    <property name="java.vm.name" value="Java HotSpot(TM) 64-Bit Server VM"/>
    <property name="java.vendor.version" value="18.9"/>
    <property name="localRepository" value="C:\Users\Devadmin\.m2\repository"/>
    <property name="java.vendor.url.bug" value="https://bugreport.java.com/bugreport/"/>
    <property name="java.io.tmpdir" value="C:\Users\Devadmin\AppData\Local\Temp\2\"/>
    <property name="java.version" value="11.0.16"/>
    <property name="user.dir" value="D:\FlexibPlus\DigitalAutomation\3i-Bank_FalconFramework"/>
    <property name="os.arch" value="amd64"/>
    <property name="java.vm.specification.name" value="Java Virtual Machine Specification"/>
    <property name="java.awt.printerjob" value="sun.awt.windows.WPrinterJob"/>
    <property name="sun.os.patch.level" value=""/>
    <property name="java.library.path" value="C:\Program Files\Java\jdk-11.0.16\bin;C:\Windows\Sun\Java\bin;C:\Windows\system32;C:\Windows;D:/Software/sts-4.18.0.RELEASE//plugins/org.eclipse.justj.openjdk.hotspot.jre.full.win32.x86_64_17.0.6.v20230204-1729/jre/bin/server;D:/Software/sts-4.18.0.RELEASE//plugins/org.eclipse.justj.openjdk.hotspot.jre.full.win32.x86_64_17.0.6.v20230204-1729/jre/bin;C:\Program Files\Common Files\Oracle\Java\javapath;D:\Python39\Scripts\;D:\Python39\;C:\Windows\system32;C:\Windows;C:\Windows\System32\Wbem;C:\Windows\System32\WindowsPowerShell\v1.0\;C:\Windows\System32\OpenSSH\;D:\Security Testing\sonar-scanner-4.6.0.2311-windows\bin;C:\Program Files\OpenSSL\bin;C:\Program Files\Java\jdk-11.0.16\bin;C:\Program Files\apache-maven-3.9.0-bin\apache-maven-3.9.0\bin;C:\Program Files\Git\cmd;C:\Program Files\Git\bin;C:\Program Files\Git\cmd;C:\Program Files\nodejs\;D:\Software\sonarqube-9.7.1.62043\sonarqube-9.7.1.62043\sonarqube-9.7.1.62043\bin\windows-x86-64;D:\Software\sonar-scanner-cli-4.8.0.2856-windows\sonar-scanner-cli-4.8.0.2856-windows\sonar-scanner-4.8.0.2856-windows\bin;D:\Software\dependency-check\dependency-check\bin;C:\Program Files\Amazon\AWSCLIV2\;C:\Program Files\jq;C:\Users\Devadmin;C:\Users\Devadmin\Downloads;C:\Users\Devadmin\AppData\Roaming\npm;D:\Software\sts-4.18.0.RELEASE;;."/>
    <property name="java.vendor" value="Oracle Corporation"/>
    <property name="java.vm.info" value="mixed mode"/>
    <property name="java.vm.version" value="11.0.16+11-LTS-199"/>
    <property name="sun.io.unicode.encoding" value="UnicodeLittle"/>
    <property name="java.class.version" value="55.0"/>
  </properties>
  <testcase name="executeTestCases" classname="com.falcon.TestCases.FalconRunnabletest" time="80.797">
    <system-out><![CDATA[%%%%%%%%% Reading TestCase Data %%%%%%%%%%%
colCount 5
rowCount 3
0,0,TC_001_CreditRiskAdd
0,1,TC_001_CreditRisk
0,2,Verify user is able to add Credit Risk
0,3,TC_001_CreditRisk
0,4,Yes

1,0,TC_3i_bank_flow
1,1,TC_3i_bank_flow
1,2,TC_3i_bank_flow
1,3,TC_3i_bank_flow
1,4,Yes

===================== TestCase Data from EXCEL with Flag ==========
[TC_001_CreditRisk#Yes, TC_3i_bank_flow#Yes]
=============== Classes and Methods detail from Package ============
===================== Generated testNG.xml ====================
<?xml version="1.0" encoding="UTF-8"?>
<!DOCTYPE suite SYSTEM "http://testng.org/testng-1.0.dtd">
<suite name="Regression suite">
  <listeners>
    <listener class-name="com.falcon.utils.RetryListenerClass"/>
  </listeners>
  <method-selectors>
  <method-selector>
    <script language="beanshell">
      <![CDATA[System.setProperty("testng.metrics.logo",
             "https://www.3i-infotech.com/wp-content/uploads/2021/04/3I-infotech-logo.png");return true;]]]]><![CDATA[>
    </script>
  </method-selector>
  </method-selectors>
  <test thread-count="5" name="Falcon test">
    <classes>
      <class name="com.falcon.TestCases.TC_001_CreditRisk"/>
      <class name="com.falcon.TestCases.TC_3i_bank_flow"/>
    </classes>
  </test> <!-- Falcon test -->
</suite> <!-- Regression suite -->

testng.xml generated at: D:\FlexibPlus\DigitalAutomation\3i-Bank_FalconFramework\TestNGDynXml\testng.xml
2023-07-27 17:56:42 INFO  TestBase:172 - Static Initalization done
Report folder structure created : D:\FlexibPlus\DigitalAutomation\3i-Bank_FalconFramework\Report\Regv1_Run573_27072023
2023-07-27 17:56:42 INFO  UtilityMethods:1333 - Report folder structure created : D:\FlexibPlus\DigitalAutomation\3i-Bank_FalconFramework\Report\Regv1_Run573_27072023
2023-07-27 17:56:42 INFO  TestBase:206 - Loading xls Object
RECORDINGGGGGGGGGGGGGGGGGGGGGGGGG NOT NEEDED
2023-07-27 17:56:42 INFO  TestBase:843 - RECORDINGGGGGGGGGGGGGGGGGGGGGGGGG NOT NEEDED
onStart : Falcon test
2023-07-27 17:56:42 INFO  TestBase:45 - Loading extent report done
Removed Sheet
2023-07-27 17:56:42 INFO  TestBase:254 - Removed Sheet
Added Sheet
2023-07-27 17:56:42 INFO  TestBase:257 - Added Sheet
2023-07-27 17:56:42 INFO  Xls_Reader:1330 - Creating empty sheet for report
sheetName TestReport
index 4
Created Sheet
2023-07-27 17:56:42 INFO  TestBase:260 - Created Sheet
BeforeClass
&&&&&&&&&&&&&&&&&&&&&&&&&&&&&&&&&&&&&&&&&&&&&&&&&&&&&&&&&&&&&&&&&&&&&&&&&&&&
TC_001_CreditRiskAdd
&&&&&&&&&&&&&&&&&&&&&&&&&&&&&&&&&&&&&&&&&&&&&&&&&&&&&&&&&&&&&&&&&&&&&&&&&&&&
noofrows : 1
lastColumnNumber : 7
************************************->1
2023-07-27 17:56:42 INFO  Xls_Reader:1229 - Started===getExcelDataInArrayForProcessing===
HEYYYYYYYYYYYYYYYYYYYYYYYYYYYYYYYYYYYY :1   1
ELSE..............................................................
HEYYYYYYYYYYYYYYYYYYYYYYYYYYYYYYYYYYYY :2   1
ELSE..............................................................
0,0,DataSet1
0,1,Desktop
0,2, 
0,3, 
0,4,Chrome

===BEFORE METHOD===
((((((((((((((((((((((((((((((((((((((((((((((((((((((((((((((((((((((((((((
TC_001_CreditRiskAdd
DataSet1
Desktop
 
 
Chrome
((((((((((((((((((((((((((((((((((((((((((((((((((((((((((((((((((((((((((((
onTestStart : TC_001_CreditRiskAdd ON DATASET1 *** DESKTOP ***   ***   *** CHROME
TESTCASENAME TC_001_CreditRiskAdd
2023-07-27 17:56:42 INFO  TestBase:323 - TESTCASENAME TC_001_CreditRiskAdd
TC_001_CreditRiskAdd_DataSet1_Desktop_ _ _Chrome
2023-07-27 17:56:42 INFO  TestBase:323 - createTest method called : TC_001_CreditRiskAdd_DataSet1_Desktop_Chrome
2023-07-27 17:56:42 INFO  TestBase:323 - testlogINFO method called : Starting TC_001_CreditRiskAdd ON DATASET1 *** DESKTOP ***   ***   *** CHROME scenario
Environment is: DataSet1
OS is:  
Device is: Desktop
BrowserType is: Chrome
OS Version is:  
2023-07-27 17:56:42 INFO  TestBase:393 - Chrome setup done
2023-07-27 17:56:45 INFO  TestBase:396 - Chrome driver initialized
TC_001_CreditRiskAdd
SSSSSSSSSSSSSSSSSSSSSSSSSSSSSSSSSSSSSSSSSSSSSSSSS
TC_001_CreditRiskAdd
TC_001_CreditRiskAddDataSet1Desktop  Chrome
SSSSSSSSSSSSSSSSSSSSSSSSSSSSSSSSSSSSSSSSSSSSSSSSS
firstColumnNumber : 0
lastColumnNumber : 7
noofrows : 1
firstRowNumber : 0
lastRowNumber : 1
row : 0
header row : 0
Please check : FieldName
row : 1
header row : 0
Please check : DataSet1
senarioName found : DataSet1
scenarioDataToRetrieve : 1
P :0
======================================
ROW : FieldName
ROW : DataSet1
STRING ADDED........
P :1
======================================
ROW : UserName
ROW : vamsi
STRING ADDED........
P :2
======================================
ROW : Password
ROW : vamsi
STRING ADDED........
P :3
======================================
ROW : Card
ROW : 123
STRING ADDED........
P :4
======================================
ROW : RiskResponse
ROW : Mitigate
STRING ADDED........
P :5
======================================
ROW : AssessmentModel
ROW : Quantitative
STRING ADDED........
P :6
======================================
ROW : Company
ROW : ABC
STRING ADDED........
EXCEL DATA READING ENEDED
Total Page Load Time: 560
Total Page Load Time in seconds: 0
2023-07-27 17:56:45 INFO  TestBase:323 - http://10.251.16.110:5601/3ibank/index.html URL launched
()()()()()(()()() Object creation initiated()()()()()(()()()
2023-07-27 17:56:48 INFO  TestBase:323 - assingCategory method called : CreditRisk
()()()()()(()()() Object creation initiated()()()()()(()()()
^^^^^^^^^^^^^^^^^^^^^^^^^^^^^^^^^^^^^^^^^
Time and date 2023/07/27 17:56:48
^^^^^^^^^^^^^^^^^^^^^^^^^^^^^^^^^^^^^^^^^
2023-07-27 17:56:48 INFO  FalconActions:66 - --------	EnterText wrapper method inside FalconActions class is invoked successfully	--------
!!!!!!!!!!!!!!!!!!!!!!!!!
2023-07-27 17:56:48 INFO  FalconActions:1736 - [[ChromeDriver: chrome on WINDOWS (7292805e4e08371d8802fb18adfc49f5)] -> xpath: //input[@id='username']]
@@@@@@@@@@@@@@@@@@@@@@@@@@@
##############################
%%%%%%%%%%%%%%%%%%%%%
2023-07-27 17:56:48 INFO  FalconWebElement:238 - --------	typeTheText wrapper method inside MyWebElement class is invoked successfully	--------
2023-07-27 17:56:48 INFO  FalconWebElement:136 - --------	isDisplayedorNot wrapper method inside MyWebElement class is invoked successfully	--------
Element Displayed [[ChromeDriver: chrome on WINDOWS (7292805e4e08371d8802fb18adfc49f5)] -> xpath: //input[@id='username']]
2023-07-27 17:56:49 INFO  FalconWebElement:141 - --------	isDisplayedorNot wrapper method inside MyWebElement class is executed successfully	--------
2023-07-27 17:56:49 INFO  FalconWebElement:161 - --------	isEnabledorNot wrapper method inside MyWebElement class is invoked successfully	--------
2023-07-27 17:56:49 INFO  FalconWebElement:165 - --------	isEnabledorNot wrapper method inside MyWebElement class is executed successfully	--------
2023-07-27 17:56:49 INFO  FalconWebElement:245 - --------	typeTheText wrapper method inside MyWebElement class is executed successfully	--------
2023-07-27 17:56:49 INFO  FalconActions:78 - --------	EnterText wrapper method inside FalconActions class is executed successfully	--------
imageLocation : D:\FlexibPlus\DigitalAutomation\3i-Bank_FalconFramework/Screenshots/Regv1_Run573_27072023/TC_001_CreditRiskAdd_DataSet1/
actualImageName : D:\FlexibPlus\DigitalAutomation\3i-Bank_FalconFramework/Screenshots/Regv1_Run573_27072023/TC_001_CreditRiskAdd_DataSet1/User_Entered_text_into_the_UserName_field@27_07_2023_17-56-49.png
2023-07-27 17:56:50 INFO  FalconActions:66 - --------	EnterText wrapper method inside FalconActions class is invoked successfully	--------
!!!!!!!!!!!!!!!!!!!!!!!!!
2023-07-27 17:56:50 INFO  FalconActions:1736 - [[ChromeDriver: chrome on WINDOWS (7292805e4e08371d8802fb18adfc49f5)] -> xpath: //input[@id='password']]
@@@@@@@@@@@@@@@@@@@@@@@@@@@
##############################
%%%%%%%%%%%%%%%%%%%%%
2023-07-27 17:56:50 INFO  FalconWebElement:238 - --------	typeTheText wrapper method inside MyWebElement class is invoked successfully	--------
2023-07-27 17:56:50 INFO  FalconWebElement:136 - --------	isDisplayedorNot wrapper method inside MyWebElement class is invoked successfully	--------
Element Displayed [[ChromeDriver: chrome on WINDOWS (7292805e4e08371d8802fb18adfc49f5)] -> xpath: //input[@id='password']]
2023-07-27 17:56:50 INFO  FalconWebElement:141 - --------	isDisplayedorNot wrapper method inside MyWebElement class is executed successfully	--------
2023-07-27 17:56:50 INFO  FalconWebElement:161 - --------	isEnabledorNot wrapper method inside MyWebElement class is invoked successfully	--------
2023-07-27 17:56:50 INFO  FalconWebElement:165 - --------	isEnabledorNot wrapper method inside MyWebElement class is executed successfully	--------
2023-07-27 17:56:50 INFO  FalconWebElement:245 - --------	typeTheText wrapper method inside MyWebElement class is executed successfully	--------
2023-07-27 17:56:50 INFO  FalconActions:78 - --------	EnterText wrapper method inside FalconActions class is executed successfully	--------
imageLocation : D:\FlexibPlus\DigitalAutomation\3i-Bank_FalconFramework/Screenshots/Regv1_Run573_27072023/TC_001_CreditRiskAdd_DataSet1/
actualImageName : D:\FlexibPlus\DigitalAutomation\3i-Bank_FalconFramework/Screenshots/Regv1_Run573_27072023/TC_001_CreditRiskAdd_DataSet1/User_Entered_text_into_the_Password_field@27_07_2023_17-56-51.png
2023-07-27 17:56:52 INFO  FalconActions:66 - --------	EnterText wrapper method inside FalconActions class is invoked successfully	--------
!!!!!!!!!!!!!!!!!!!!!!!!!
2023-07-27 17:56:52 INFO  FalconActions:1736 - [[ChromeDriver: chrome on WINDOWS (7292805e4e08371d8802fb18adfc49f5)] -> xpath: //input[@id='card']]
@@@@@@@@@@@@@@@@@@@@@@@@@@@
##############################
%%%%%%%%%%%%%%%%%%%%%
2023-07-27 17:56:52 INFO  FalconWebElement:238 - --------	typeTheText wrapper method inside MyWebElement class is invoked successfully	--------
2023-07-27 17:56:52 INFO  FalconWebElement:136 - --------	isDisplayedorNot wrapper method inside MyWebElement class is invoked successfully	--------
Element Displayed [[ChromeDriver: chrome on WINDOWS (7292805e4e08371d8802fb18adfc49f5)] -> xpath: //input[@id='card']]
2023-07-27 17:56:52 INFO  FalconWebElement:141 - --------	isDisplayedorNot wrapper method inside MyWebElement class is executed successfully	--------
2023-07-27 17:56:52 INFO  FalconWebElement:161 - --------	isEnabledorNot wrapper method inside MyWebElement class is invoked successfully	--------
2023-07-27 17:56:52 INFO  FalconWebElement:165 - --------	isEnabledorNot wrapper method inside MyWebElement class is executed successfully	--------
2023-07-27 17:56:52 INFO  FalconWebElement:245 - --------	typeTheText wrapper method inside MyWebElement class is executed successfully	--------
2023-07-27 17:56:52 INFO  FalconActions:78 - --------	EnterText wrapper method inside FalconActions class is executed successfully	--------
imageLocation : D:\FlexibPlus\DigitalAutomation\3i-Bank_FalconFramework/Screenshots/Regv1_Run573_27072023/TC_001_CreditRiskAdd_DataSet1/
actualImageName : D:\FlexibPlus\DigitalAutomation\3i-Bank_FalconFramework/Screenshots/Regv1_Run573_27072023/TC_001_CreditRiskAdd_DataSet1/User_Entered_text_into_the_Card_field@27_07_2023_17-56-53.png
2023-07-27 17:56:54 INFO  FalconActions:960 - --------	click wrapper method inside MyAction class is invoked successfully	--------
!!!!!!!!!!!!!!!!!!!!!!!!!
2023-07-27 17:56:54 INFO  FalconActions:1736 - [[ChromeDriver: chrome on WINDOWS (7292805e4e08371d8802fb18adfc49f5)] -> xpath: //button[@id='login_btn']]
@@@@@@@@@@@@@@@@@@@@@@@@@@@
##############################
%%%%%%%%%%%%%%%%%%%%%
imageLocation : D:\FlexibPlus\DigitalAutomation\3i-Bank_FalconFramework/Screenshots/Regv1_Run573_27072023/TC_001_CreditRiskAdd_DataSet1/
actualImageName : D:\FlexibPlus\DigitalAutomation\3i-Bank_FalconFramework/Screenshots/Regv1_Run573_27072023/TC_001_CreditRiskAdd_DataSet1/User_clicked_on_the_Login@27_07_2023_17-56-54.png
^^^^^^^^^^^^^^^^^^^^^^^^^^^^^^^^^^^^^^^^^
Execution time from Login page 7.0 seconds
^^^^^^^^^^^^^^^^^^^^^^^^^^^^^^^^^^^^^^^^^
2023-07-27 17:56:55 INFO  FalconActions:148 - Total time (in Seconds) is :7.0
2023-07-27 17:56:55 INFO  ResponseExcel:30 - ****************************************************************
2023-07-27 17:56:55 INFO  ResponseExcel:67 - ================ Preparing Data ================
2023-07-27 17:56:55 INFO  ResponseExcel:68 - Page Name 	===> Login Page
2023-07-27 17:56:55 INFO  ResponseExcel:69 - Start Time ===> 2023/07/27 17:56:48
2023-07-27 17:56:55 INFO  ResponseExcel:70 - End Time 	===> 2023/07/27 17:56:55
2023-07-27 17:56:55 INFO  ResponseExcel:71 - Execution Time ===> 7.0
2023-07-27 17:56:55 INFO  ResponseExcel:73 - ****************************************************************
2023-07-27 17:56:55 INFO  ResponseExcel:95 - Writing of ResponseTimes report done
^^^^^^^^^^^^^^^^^^^^^^^^^^^^^^^^^^^^^^^^^
Time and date 2023/07/27 17:56:55
^^^^^^^^^^^^^^^^^^^^^^^^^^^^^^^^^^^^^^^^^
!!!!!!!!!!!!!!!!!!!!!!!!!
2023-07-27 17:56:55 INFO  FalconActions:1736 - [[ChromeDriver: chrome on WINDOWS (7292805e4e08371d8802fb18adfc49f5)] -> xpath: //button[text()='Apply Now']]
@@@@@@@@@@@@@@@@@@@@@@@@@@@
##############################
%%%%%%%%%%%%%%%%%%%%%
2023-07-27 17:56:56 INFO  FalconActions:960 - --------	click wrapper method inside MyAction class is invoked successfully	--------
!!!!!!!!!!!!!!!!!!!!!!!!!
2023-07-27 17:56:56 INFO  FalconActions:1736 - [[ChromeDriver: chrome on WINDOWS (7292805e4e08371d8802fb18adfc49f5)] -> xpath: //button[text()='Apply Now']]
@@@@@@@@@@@@@@@@@@@@@@@@@@@
##############################
%%%%%%%%%%%%%%%%%%%%%
imageLocation : D:\FlexibPlus\DigitalAutomation\3i-Bank_FalconFramework/Screenshots/Regv1_Run573_27072023/TC_001_CreditRiskAdd_DataSet1/
actualImageName : D:\FlexibPlus\DigitalAutomation\3i-Bank_FalconFramework/Screenshots/Regv1_Run573_27072023/TC_001_CreditRiskAdd_DataSet1/User_clicked_on_the_ApplyButton@27_07_2023_17-56-56.png
^^^^^^^^^^^^^^^^^^^^^^^^^^^^^^^^^^^^^^^^^
Execution time from Login page 5.0 seconds
^^^^^^^^^^^^^^^^^^^^^^^^^^^^^^^^^^^^^^^^^
2023-07-27 17:57:00 INFO  FalconActions:208 - Total time (in Seconds) is :5.0
2023-07-27 17:57:00 INFO  ResponseExcel:30 - ****************************************************************
2023-07-27 17:57:00 INFO  ResponseExcel:67 - ================ Preparing Data ================
2023-07-27 17:57:00 INFO  ResponseExcel:68 - Page Name 	===> addEngrdCreditRisk
2023-07-27 17:57:00 INFO  ResponseExcel:69 - Start Time ===> 2023/07/27 17:56:55
2023-07-27 17:57:00 INFO  ResponseExcel:70 - End Time 	===> 2023/07/27 17:57:00
2023-07-27 17:57:00 INFO  ResponseExcel:71 - Execution Time ===> 5.0
2023-07-27 17:57:00 INFO  ResponseExcel:73 - ****************************************************************
2023-07-27 17:57:00 INFO  ResponseExcel:95 - Writing of ResponseTimes report done
!!!!!!!!!!!!!!!!!!!!!!!!!
2023-07-27 17:57:00 INFO  FalconActions:1736 - [[ChromeDriver: chrome on WINDOWS (7292805e4e08371d8802fb18adfc49f5)] -> xpath: //img[@id='profileimg']]
@@@@@@@@@@@@@@@@@@@@@@@@@@@
##############################
%%%%%%%%%%%%%%%%%%%%%
2023-07-27 17:57:00 INFO  FalconActions:960 - --------	click wrapper method inside MyAction class is invoked successfully	--------
!!!!!!!!!!!!!!!!!!!!!!!!!
2023-07-27 17:57:00 INFO  FalconActions:1736 - [[ChromeDriver: chrome on WINDOWS (7292805e4e08371d8802fb18adfc49f5)] -> xpath: //img[@id='profileimg']]
@@@@@@@@@@@@@@@@@@@@@@@@@@@
##############################
%%%%%%%%%%%%%%%%%%%%%
imageLocation : D:\FlexibPlus\DigitalAutomation\3i-Bank_FalconFramework/Screenshots/Regv1_Run573_27072023/TC_001_CreditRiskAdd_DataSet1/
actualImageName : D:\FlexibPlus\DigitalAutomation\3i-Bank_FalconFramework/Screenshots/Regv1_Run573_27072023/TC_001_CreditRiskAdd_DataSet1/User_clicked_on_the_LogoutImage@27_07_2023_17-57-01.png
2023-07-27 17:57:02 INFO  FalconActions:960 - --------	click wrapper method inside MyAction class is invoked successfully	--------
!!!!!!!!!!!!!!!!!!!!!!!!!
2023-07-27 17:57:02 INFO  FalconActions:1736 - [[ChromeDriver: chrome on WINDOWS (7292805e4e08371d8802fb18adfc49f5)] -> xpath: //a/span[text()='Logout']]
@@@@@@@@@@@@@@@@@@@@@@@@@@@
##############################
%%%%%%%%%%%%%%%%%%%%%
imageLocation : D:\FlexibPlus\DigitalAutomation\3i-Bank_FalconFramework/Screenshots/Regv1_Run573_27072023/TC_001_CreditRiskAdd_DataSet1/
actualImageName : D:\FlexibPlus\DigitalAutomation\3i-Bank_FalconFramework/Screenshots/Regv1_Run573_27072023/TC_001_CreditRiskAdd_DataSet1/User_clicked_on_the_SignOut@27_07_2023_17-57-02.png
2023-07-27 17:57:03 INFO  ResponseExcel:30 - ****************************************************************
2023-07-27 17:57:03 INFO  ResponseExcel:67 - ================ Preparing Data ================
2023-07-27 17:57:03 INFO  ResponseExcel:68 - Page Name 	===> Logout page
2023-07-27 17:57:03 INFO  ResponseExcel:69 - Start Time ===> 2023/07/27 17:57:00
2023-07-27 17:57:03 INFO  ResponseExcel:70 - End Time 	===> 2023/07/27 17:57:03
2023-07-27 17:57:03 INFO  ResponseExcel:71 - Execution Time ===> 3.0
2023-07-27 17:57:03 INFO  ResponseExcel:73 - ****************************************************************
2023-07-27 17:57:03 INFO  ResponseExcel:95 - Writing of ResponseTimes report done
PPPPPPPPPPPPPPPPPPPPPPPPPPPPPSUCCESSTC_001_CreditRiskAdd ON DATASET1 *** DESKTOP ***   ***   *** CHROME
2023-07-27 17:57:03 INFO  TestBase:63 - ===onTestSuccess Start===
2023-07-27 17:57:03 INFO  TestBase:64 - 1
2023-07-27 17:57:03 INFO  TestBase:65 - 1
2023-07-27 17:57:03 INFO  TestBase:68 - TC_001_CreditRiskAdd ON DATASET1 *** DESKTOP ***   ***   *** CHROME test is Pass
onTestSuccess : TC_001_CreditRiskAdd ON DATASET1 *** DESKTOP ***   ***   *** CHROME
imageLocation : D:\FlexibPlus\DigitalAutomation\3i-Bank_FalconFramework/Screenshots/Regv1_Run573_27072023/TC_001_CreditRiskAdd_DataSet1/
actualImageName : D:\FlexibPlus\DigitalAutomation\3i-Bank_FalconFramework/Screenshots/Regv1_Run573_27072023/TC_001_CreditRiskAdd_DataSet1/blank@27_07_2023_17-57-04.png
imageLocation : D:\FlexibPlus\DigitalAutomation\3i-Bank_FalconFramework/Screenshots/Regv1_Run573_27072023/TC_001_CreditRiskAdd_DataSet1/
actualImageName : D:\FlexibPlus\DigitalAutomation\3i-Bank_FalconFramework/Screenshots/Regv1_Run573_27072023/TC_001_CreditRiskAdd_DataSet1/blank@27_07_2023_17-57-06.png
2023-07-27 17:57:07 INFO  TestBase:218 - Screen shot captured from path : D:\FlexibPlus\DigitalAutomation\3i-Bank_FalconFramework/Screenshots/Regv1_Run573_27072023/TC_001_CreditRiskAdd_DataSet1/blank@27_07_2023_17-57-04.png
2023-07-27 17:57:07 INFO  TestBase:109 - Driver closed
2023-07-27 17:57:07 INFO  TestBase:305 - AfterMethod started execution for generating report
2023-07-27 17:57:07 INFO  TestBase:306 - result.getName() : TC_001_CreditRiskAdd ON DATASET1 *** DESKTOP ***   ***   *** CHROME
24.922 seconds
2023-07-27 17:57:07 INFO  TestBase:313 - Total time (in Seconds) is :24.922 for method TC_001_CreditRiskAdd ON DATASET1 *** DESKTOP ***   ***   *** CHROME
After method invoked !@#$%#@#$#####################################################
2023-07-27 17:57:12 INFO  TestBase:406 - Writing of excel report started
2023-07-27 17:57:12 INFO  TestBase:992 - ===getTestCasePositionBasedOnScriptName Started====
2023-07-27 17:57:12 INFO  TestBase:1002 - TC_001_CreditRiskAdd Test Case is present to execute.
2023-07-27 17:57:12 INFO  TestBase:409 - getTestScriptRowNumstatic : 2
Current Report row Count :2
Consolidated Report row Count :36
2023-07-27 17:57:12 INFO  TestBase:423 - TEST CASE AVAILABLE WITH REFERENCE TO TEST SCRIPT
2023-07-27 17:57:12 INFO  TestBase:435 - !!!!!!!!!!TEST CASE DATA!!!!!!!!!!
2023-07-27 17:57:12 INFO  TestBase:436 - Test Case id ===> TC_001_CreditRiskAdd
2023-07-27 17:57:12 INFO  TestBase:437 - Test Case name ===> TC_001_CreditRisk
2023-07-27 17:57:12 INFO  TestBase:438 - Test Case description ===> Verify user is able to add Credit Risk
2023-07-27 17:57:12 INFO  TestBase:439 - Test Script name ===> TC_001_CreditRisk
2023-07-27 17:57:12 INFO  TestBase:440 - !!!!!!!!!!TEST CASE DATA!!!!!!!!!!
2023-07-27 17:57:13 INFO  TestBase:548 - Writing of excel report done
2023-07-27 17:57:14 INFO  TestBase:76 - Writing of extent report done
|||||||||||||||||||||||||||||||||||||||||||||||||||||||||||||||||||||||||||||
2023-07-27 17:57:17 INFO  TestBase:561 - Writing of excel ReportResponseTimes started
2023-07-27 17:57:17 INFO  TestBase:992 - ===getTestCasePositionBasedOnScriptName Started====
2023-07-27 17:57:17 INFO  TestBase:565 - getTestScriptRowNumstatic1 : 0
Current Report row Count :0
2023-07-27 17:57:17 INFO  TestBase:713 - Writing of ResponseTimes report done
BeforeClass
&&&&&&&&&&&&&&&&&&&&&&&&&&&&&&&&&&&&&&&&&&&&&&&&&&&&&&&&&&&&&&&&&&&&&&&&&&&&
TC_3i_bank_flow
&&&&&&&&&&&&&&&&&&&&&&&&&&&&&&&&&&&&&&&&&&&&&&&&&&&&&&&&&&&&&&&&&&&&&&&&&&&&
noofrows : 1
lastColumnNumber : 11
************************************->1
2023-07-27 17:57:17 INFO  Xls_Reader:1229 - Started===getExcelDataInArrayForProcessing===
HEYYYYYYYYYYYYYYYYYYYYYYYYYYYYYYYYYYYY :1   1
ELSE..............................................................
HEYYYYYYYYYYYYYYYYYYYYYYYYYYYYYYYYYYYY :2   1
ELSE..............................................................
0,0,DataSet1
0,1,Desktop
0,2, 
0,3, 
0,4,Chrome

===BEFORE METHOD===
((((((((((((((((((((((((((((((((((((((((((((((((((((((((((((((((((((((((((((
TC_3i_bank_flow
DataSet1
Desktop
 
 
Chrome
((((((((((((((((((((((((((((((((((((((((((((((((((((((((((((((((((((((((((((
onTestStart : TC_3i_bank_flow ON DATASET1 *** DESKTOP ***   ***   *** CHROME
TESTCASENAME TC_3i_bank_flow
2023-07-27 17:57:17 INFO  TestBase:323 - TESTCASENAME TC_3i_bank_flow
TC_3i_bank_flow_DataSet1_Desktop_ _ _Chrome
2023-07-27 17:57:17 INFO  TestBase:323 - createTest method called : TC_3i_bank_flow_DataSet1_Desktop_Chrome
2023-07-27 17:57:17 INFO  TestBase:323 - testlogINFO method called : Starting TC_3i_bank_flow ON DATASET1 *** DESKTOP ***   ***   *** CHROME scenario
Environment is: DataSet1
OS is:  
Device is: Desktop
BrowserType is: Chrome
OS Version is:  
2023-07-27 17:57:17 INFO  TestBase:393 - Chrome setup done
2023-07-27 17:57:18 INFO  TestBase:396 - Chrome driver initialized
TC_3i_bank_flow
SSSSSSSSSSSSSSSSSSSSSSSSSSSSSSSSSSSSSSSSSSSSSSSSS
TC_3i_bank_flow
TC_3i_bank_flowDataSet1Desktop  Chrome
SSSSSSSSSSSSSSSSSSSSSSSSSSSSSSSSSSSSSSSSSSSSSSSSS
firstColumnNumber : 0
lastColumnNumber : 11
noofrows : 1
firstRowNumber : 0
lastRowNumber : 1
row : 0
header row : 0
Please check : FieldName
row : 1
header row : 0
Please check : DataSet1
senarioName found : DataSet1
scenarioDataToRetrieve : 1
P :0
======================================
ROW : FieldName
ROW : DataSet1
STRING ADDED........
P :1
======================================
ROW : UserName
ROW : chandu
STRING ADDED........
P :2
======================================
ROW : Password
ROW : chandu123
STRING ADDED........
P :3
======================================
ROW : Card
ROW : 123
STRING ADDED........
P :4
======================================
ROW : firstname
ROW : Chandu
STRING ADDED........
P :5
======================================
ROW : lastname
ROW : karri
STRING ADDED........
P :6
======================================
ROW : gender
ROW : Male
STRING ADDED........
P :7
======================================
ROW : dob
ROW : 17-05-1997
STRING ADDED........
P :8
======================================
ROW : pancard
ROW : 1234890
STRING ADDED........
P :9
======================================
ROW : mobileno
ROW : 8790445676
STRING ADDED........
P :10
======================================
ROW : email
ROW : chandu@gmail.com
STRING ADDED........
EXCEL DATA READING ENEDED
Total Page Load Time: 536
Total Page Load Time in seconds: 0
2023-07-27 17:57:18 INFO  TestBase:323 - http://10.251.16.110:5601/3ibank/index.html URL launched
()()()()()(()()() Object creation initiated()()()()()(()()()
2023-07-27 17:57:21 INFO  TestBase:323 - assingCategory method called : 3i-Bank
()()()()()(()()() Object creation initiated()()()()()(()()()
::::::::::::::Object with Method Calling::::::::::::::
!!!!!!!!!!!!!!!!!!!!!!!!!
2023-07-27 17:57:21 INFO  FalconActions:1736 - [[ChromeDriver: chrome on WINDOWS (d777cf8480af0bd76db1eece8297ba87)] -> xpath: //input[@id='username']]
@@@@@@@@@@@@@@@@@@@@@@@@@@@
##############################
%%%%%%%%%%%%%%%%%%%%%
2023-07-27 17:57:21 INFO  FalconActions:66 - --------	EnterText wrapper method inside FalconActions class is invoked successfully	--------
!!!!!!!!!!!!!!!!!!!!!!!!!
2023-07-27 17:57:21 INFO  FalconActions:1736 - [[ChromeDriver: chrome on WINDOWS (d777cf8480af0bd76db1eece8297ba87)] -> xpath: //input[@id='username']]
@@@@@@@@@@@@@@@@@@@@@@@@@@@
##############################
%%%%%%%%%%%%%%%%%%%%%
2023-07-27 17:57:21 INFO  FalconWebElement:238 - --------	typeTheText wrapper method inside MyWebElement class is invoked successfully	--------
2023-07-27 17:57:21 INFO  FalconWebElement:136 - --------	isDisplayedorNot wrapper method inside MyWebElement class is invoked successfully	--------
Element Displayed [[ChromeDriver: chrome on WINDOWS (d777cf8480af0bd76db1eece8297ba87)] -> xpath: //input[@id='username']]
2023-07-27 17:57:21 INFO  FalconWebElement:141 - --------	isDisplayedorNot wrapper method inside MyWebElement class is executed successfully	--------
2023-07-27 17:57:21 INFO  FalconWebElement:161 - --------	isEnabledorNot wrapper method inside MyWebElement class is invoked successfully	--------
2023-07-27 17:57:21 INFO  FalconWebElement:165 - --------	isEnabledorNot wrapper method inside MyWebElement class is executed successfully	--------
2023-07-27 17:57:22 INFO  FalconWebElement:245 - --------	typeTheText wrapper method inside MyWebElement class is executed successfully	--------
2023-07-27 17:57:22 INFO  FalconActions:78 - --------	EnterText wrapper method inside FalconActions class is executed successfully	--------
imageLocation : D:\FlexibPlus\DigitalAutomation\3i-Bank_FalconFramework/Screenshots/Regv1_Run573_27072023/TC_3i_bank_flow_DataSet1/
actualImageName : D:\FlexibPlus\DigitalAutomation\3i-Bank_FalconFramework/Screenshots/Regv1_Run573_27072023/TC_3i_bank_flow_DataSet1/User_Entered_text_into_the_UserName_field@27_07_2023_17-57-22.png
2023-07-27 17:57:23 INFO  FalconActions:66 - --------	EnterText wrapper method inside FalconActions class is invoked successfully	--------
!!!!!!!!!!!!!!!!!!!!!!!!!
2023-07-27 17:57:23 INFO  FalconActions:1736 - [[ChromeDriver: chrome on WINDOWS (d777cf8480af0bd76db1eece8297ba87)] -> xpath: //input[@id='password']]
@@@@@@@@@@@@@@@@@@@@@@@@@@@
##############################
%%%%%%%%%%%%%%%%%%%%%
2023-07-27 17:57:23 INFO  FalconWebElement:238 - --------	typeTheText wrapper method inside MyWebElement class is invoked successfully	--------
2023-07-27 17:57:23 INFO  FalconWebElement:136 - --------	isDisplayedorNot wrapper method inside MyWebElement class is invoked successfully	--------
Element Displayed [[ChromeDriver: chrome on WINDOWS (d777cf8480af0bd76db1eece8297ba87)] -> xpath: //input[@id='password']]
2023-07-27 17:57:23 INFO  FalconWebElement:141 - --------	isDisplayedorNot wrapper method inside MyWebElement class is executed successfully	--------
2023-07-27 17:57:23 INFO  FalconWebElement:161 - --------	isEnabledorNot wrapper method inside MyWebElement class is invoked successfully	--------
2023-07-27 17:57:23 INFO  FalconWebElement:165 - --------	isEnabledorNot wrapper method inside MyWebElement class is executed successfully	--------
2023-07-27 17:57:23 INFO  FalconWebElement:245 - --------	typeTheText wrapper method inside MyWebElement class is executed successfully	--------
2023-07-27 17:57:23 INFO  FalconActions:78 - --------	EnterText wrapper method inside FalconActions class is executed successfully	--------
imageLocation : D:\FlexibPlus\DigitalAutomation\3i-Bank_FalconFramework/Screenshots/Regv1_Run573_27072023/TC_3i_bank_flow_DataSet1/
actualImageName : D:\FlexibPlus\DigitalAutomation\3i-Bank_FalconFramework/Screenshots/Regv1_Run573_27072023/TC_3i_bank_flow_DataSet1/User_Entered_text_into_the_Password_field@27_07_2023_17-57-24.png
2023-07-27 17:57:25 INFO  FalconActions:66 - --------	EnterText wrapper method inside FalconActions class is invoked successfully	--------
!!!!!!!!!!!!!!!!!!!!!!!!!
2023-07-27 17:57:25 INFO  FalconActions:1736 - [[ChromeDriver: chrome on WINDOWS (d777cf8480af0bd76db1eece8297ba87)] -> xpath: //input[@id='card']]
@@@@@@@@@@@@@@@@@@@@@@@@@@@
##############################
%%%%%%%%%%%%%%%%%%%%%
2023-07-27 17:57:25 INFO  FalconWebElement:238 - --------	typeTheText wrapper method inside MyWebElement class is invoked successfully	--------
2023-07-27 17:57:25 INFO  FalconWebElement:136 - --------	isDisplayedorNot wrapper method inside MyWebElement class is invoked successfully	--------
Element Displayed [[ChromeDriver: chrome on WINDOWS (d777cf8480af0bd76db1eece8297ba87)] -> xpath: //input[@id='card']]
2023-07-27 17:57:25 INFO  FalconWebElement:141 - --------	isDisplayedorNot wrapper method inside MyWebElement class is executed successfully	--------
2023-07-27 17:57:25 INFO  FalconWebElement:161 - --------	isEnabledorNot wrapper method inside MyWebElement class is invoked successfully	--------
2023-07-27 17:57:25 INFO  FalconWebElement:165 - --------	isEnabledorNot wrapper method inside MyWebElement class is executed successfully	--------
2023-07-27 17:57:25 INFO  FalconWebElement:245 - --------	typeTheText wrapper method inside MyWebElement class is executed successfully	--------
2023-07-27 17:57:25 INFO  FalconActions:78 - --------	EnterText wrapper method inside FalconActions class is executed successfully	--------
imageLocation : D:\FlexibPlus\DigitalAutomation\3i-Bank_FalconFramework/Screenshots/Regv1_Run573_27072023/TC_3i_bank_flow_DataSet1/
actualImageName : D:\FlexibPlus\DigitalAutomation\3i-Bank_FalconFramework/Screenshots/Regv1_Run573_27072023/TC_3i_bank_flow_DataSet1/User_Entered_text_into_the_Card_field@27_07_2023_17-57-25.png
2023-07-27 17:57:26 INFO  FalconActions:960 - --------	click wrapper method inside MyAction class is invoked successfully	--------
!!!!!!!!!!!!!!!!!!!!!!!!!
2023-07-27 17:57:26 INFO  FalconActions:1736 - [[ChromeDriver: chrome on WINDOWS (d777cf8480af0bd76db1eece8297ba87)] -> xpath: //button[@id='login_btn']]
@@@@@@@@@@@@@@@@@@@@@@@@@@@
##############################
%%%%%%%%%%%%%%%%%%%%%
imageLocation : D:\FlexibPlus\DigitalAutomation\3i-Bank_FalconFramework/Screenshots/Regv1_Run573_27072023/TC_3i_bank_flow_DataSet1/
actualImageName : D:\FlexibPlus\DigitalAutomation\3i-Bank_FalconFramework/Screenshots/Regv1_Run573_27072023/TC_3i_bank_flow_DataSet1/User_clicked_on_the_Login@27_07_2023_17-57-27.png
!!!!!!!!!!!!!!!!!!!!!!!!!
2023-07-27 17:57:28 INFO  FalconActions:1736 - [[ChromeDriver: chrome on WINDOWS (d777cf8480af0bd76db1eece8297ba87)] -> xpath: //button[text()='Apply Now']]
@@@@@@@@@@@@@@@@@@@@@@@@@@@
##############################
%%%%%%%%%%%%%%%%%%%%%
2023-07-27 17:57:28 INFO  FalconActions:960 - --------	click wrapper method inside MyAction class is invoked successfully	--------
!!!!!!!!!!!!!!!!!!!!!!!!!
2023-07-27 17:57:28 INFO  FalconActions:1736 - [[ChromeDriver: chrome on WINDOWS (d777cf8480af0bd76db1eece8297ba87)] -> xpath: //button[text()='Apply Now']]
@@@@@@@@@@@@@@@@@@@@@@@@@@@
##############################
%%%%%%%%%%%%%%%%%%%%%
imageLocation : D:\FlexibPlus\DigitalAutomation\3i-Bank_FalconFramework/Screenshots/Regv1_Run573_27072023/TC_3i_bank_flow_DataSet1/
actualImageName : D:\FlexibPlus\DigitalAutomation\3i-Bank_FalconFramework/Screenshots/Regv1_Run573_27072023/TC_3i_bank_flow_DataSet1/User_clicked_on_the_ApplyButton@27_07_2023_17-57-29.png
2023-07-27 17:57:30 INFO  FalconActions:960 - --------	click wrapper method inside MyAction class is invoked successfully	--------
!!!!!!!!!!!!!!!!!!!!!!!!!
2023-07-27 17:57:30 INFO  FalconActions:1736 - [[ChromeDriver: chrome on WINDOWS (d777cf8480af0bd76db1eece8297ba87)] -> xpath: //input[@id='myCheck']]
@@@@@@@@@@@@@@@@@@@@@@@@@@@
##############################
%%%%%%%%%%%%%%%%%%%%%
imageLocation : D:\FlexibPlus\DigitalAutomation\3i-Bank_FalconFramework/Screenshots/Regv1_Run573_27072023/TC_3i_bank_flow_DataSet1/
actualImageName : D:\FlexibPlus\DigitalAutomation\3i-Bank_FalconFramework/Screenshots/Regv1_Run573_27072023/TC_3i_bank_flow_DataSet1/User_clicked_on_the_I_agree_check_box@27_07_2023_17-57-30.png
2023-07-27 17:57:31 INFO  FalconActions:960 - --------	click wrapper method inside MyAction class is invoked successfully	--------
!!!!!!!!!!!!!!!!!!!!!!!!!
2023-07-27 17:57:31 INFO  FalconActions:1736 - [[ChromeDriver: chrome on WINDOWS (d777cf8480af0bd76db1eece8297ba87)] -> xpath: //button[text()='Agree & Continue']]
@@@@@@@@@@@@@@@@@@@@@@@@@@@
##############################
%%%%%%%%%%%%%%%%%%%%%
imageLocation : D:\FlexibPlus\DigitalAutomation\3i-Bank_FalconFramework/Screenshots/Regv1_Run573_27072023/TC_3i_bank_flow_DataSet1/
actualImageName : D:\FlexibPlus\DigitalAutomation\3i-Bank_FalconFramework/Screenshots/Regv1_Run573_27072023/TC_3i_bank_flow_DataSet1/User_clicked_on_the_I_agree_button@27_07_2023_17-57-31.png
!!!!!!!!!!!!!!!!!!!!!!!!!
2023-07-27 17:57:32 INFO  FalconActions:1736 - [[ChromeDriver: chrome on WINDOWS (d777cf8480af0bd76db1eece8297ba87)] -> xpath: //input[@id='firstname']]
@@@@@@@@@@@@@@@@@@@@@@@@@@@
##############################
%%%%%%%%%%%%%%%%%%%%%
2023-07-27 17:57:33 INFO  FalconActions:66 - --------	EnterText wrapper method inside FalconActions class is invoked successfully	--------
!!!!!!!!!!!!!!!!!!!!!!!!!
2023-07-27 17:57:33 INFO  FalconActions:1736 - [[ChromeDriver: chrome on WINDOWS (d777cf8480af0bd76db1eece8297ba87)] -> xpath: //input[@id='firstname']]
@@@@@@@@@@@@@@@@@@@@@@@@@@@
##############################
%%%%%%%%%%%%%%%%%%%%%
2023-07-27 17:57:33 INFO  FalconWebElement:238 - --------	typeTheText wrapper method inside MyWebElement class is invoked successfully	--------
2023-07-27 17:57:33 INFO  FalconWebElement:136 - --------	isDisplayedorNot wrapper method inside MyWebElement class is invoked successfully	--------
Element Displayed [[ChromeDriver: chrome on WINDOWS (d777cf8480af0bd76db1eece8297ba87)] -> xpath: //input[@id='firstname']]
2023-07-27 17:57:33 INFO  FalconWebElement:141 - --------	isDisplayedorNot wrapper method inside MyWebElement class is executed successfully	--------
2023-07-27 17:57:33 INFO  FalconWebElement:161 - --------	isEnabledorNot wrapper method inside MyWebElement class is invoked successfully	--------
2023-07-27 17:57:33 INFO  FalconWebElement:165 - --------	isEnabledorNot wrapper method inside MyWebElement class is executed successfully	--------
2023-07-27 17:57:33 INFO  FalconWebElement:245 - --------	typeTheText wrapper method inside MyWebElement class is executed successfully	--------
2023-07-27 17:57:33 INFO  FalconActions:78 - --------	EnterText wrapper method inside FalconActions class is executed successfully	--------
imageLocation : D:\FlexibPlus\DigitalAutomation\3i-Bank_FalconFramework/Screenshots/Regv1_Run573_27072023/TC_3i_bank_flow_DataSet1/
actualImageName : D:\FlexibPlus\DigitalAutomation\3i-Bank_FalconFramework/Screenshots/Regv1_Run573_27072023/TC_3i_bank_flow_DataSet1/User_Entered_text_into_the_firstname_field@27_07_2023_17-57-33.png
2023-07-27 17:57:34 INFO  FalconActions:66 - --------	EnterText wrapper method inside FalconActions class is invoked successfully	--------
!!!!!!!!!!!!!!!!!!!!!!!!!
2023-07-27 17:57:34 INFO  FalconActions:1736 - [[ChromeDriver: chrome on WINDOWS (d777cf8480af0bd76db1eece8297ba87)] -> xpath: //input[@id='lastname']]
@@@@@@@@@@@@@@@@@@@@@@@@@@@
##############################
%%%%%%%%%%%%%%%%%%%%%
2023-07-27 17:57:34 INFO  FalconWebElement:238 - --------	typeTheText wrapper method inside MyWebElement class is invoked successfully	--------
2023-07-27 17:57:34 INFO  FalconWebElement:136 - --------	isDisplayedorNot wrapper method inside MyWebElement class is invoked successfully	--------
Element Displayed [[ChromeDriver: chrome on WINDOWS (d777cf8480af0bd76db1eece8297ba87)] -> xpath: //input[@id='lastname']]
2023-07-27 17:57:34 INFO  FalconWebElement:141 - --------	isDisplayedorNot wrapper method inside MyWebElement class is executed successfully	--------
2023-07-27 17:57:34 INFO  FalconWebElement:161 - --------	isEnabledorNot wrapper method inside MyWebElement class is invoked successfully	--------
2023-07-27 17:57:34 INFO  FalconWebElement:165 - --------	isEnabledorNot wrapper method inside MyWebElement class is executed successfully	--------
2023-07-27 17:57:34 INFO  FalconWebElement:245 - --------	typeTheText wrapper method inside MyWebElement class is executed successfully	--------
2023-07-27 17:57:34 INFO  FalconActions:78 - --------	EnterText wrapper method inside FalconActions class is executed successfully	--------
imageLocation : D:\FlexibPlus\DigitalAutomation\3i-Bank_FalconFramework/Screenshots/Regv1_Run573_27072023/TC_3i_bank_flow_DataSet1/
actualImageName : D:\FlexibPlus\DigitalAutomation\3i-Bank_FalconFramework/Screenshots/Regv1_Run573_27072023/TC_3i_bank_flow_DataSet1/User_Entered_text_into_the_lastname_field@27_07_2023_17-57-35.png
2023-07-27 17:57:36 INFO  FalconActions:960 - --------	click wrapper method inside MyAction class is invoked successfully	--------
!!!!!!!!!!!!!!!!!!!!!!!!!
2023-07-27 17:57:36 INFO  FalconActions:1736 - [[ChromeDriver: chrome on WINDOWS (d777cf8480af0bd76db1eece8297ba87)] -> xpath: (//input[@name='gender'])[1]]
@@@@@@@@@@@@@@@@@@@@@@@@@@@
##############################
%%%%%%%%%%%%%%%%%%%%%
imageLocation : D:\FlexibPlus\DigitalAutomation\3i-Bank_FalconFramework/Screenshots/Regv1_Run573_27072023/TC_3i_bank_flow_DataSet1/
actualImageName : D:\FlexibPlus\DigitalAutomation\3i-Bank_FalconFramework/Screenshots/Regv1_Run573_27072023/TC_3i_bank_flow_DataSet1/User_clicked_on_the_Male@27_07_2023_17-57-36.png
2023-07-27 17:57:37 INFO  FalconActions:66 - --------	EnterText wrapper method inside FalconActions class is invoked successfully	--------
!!!!!!!!!!!!!!!!!!!!!!!!!
2023-07-27 17:57:37 INFO  FalconActions:1736 - [[ChromeDriver: chrome on WINDOWS (d777cf8480af0bd76db1eece8297ba87)] -> xpath: //input[@id='dob']]
@@@@@@@@@@@@@@@@@@@@@@@@@@@
##############################
%%%%%%%%%%%%%%%%%%%%%
2023-07-27 17:57:37 INFO  FalconWebElement:238 - --------	typeTheText wrapper method inside MyWebElement class is invoked successfully	--------
2023-07-27 17:57:37 INFO  FalconWebElement:136 - --------	isDisplayedorNot wrapper method inside MyWebElement class is invoked successfully	--------
Element Displayed [[ChromeDriver: chrome on WINDOWS (d777cf8480af0bd76db1eece8297ba87)] -> xpath: //input[@id='dob']]
2023-07-27 17:57:37 INFO  FalconWebElement:141 - --------	isDisplayedorNot wrapper method inside MyWebElement class is executed successfully	--------
2023-07-27 17:57:37 INFO  FalconWebElement:161 - --------	isEnabledorNot wrapper method inside MyWebElement class is invoked successfully	--------
2023-07-27 17:57:37 INFO  FalconWebElement:165 - --------	isEnabledorNot wrapper method inside MyWebElement class is executed successfully	--------
2023-07-27 17:57:37 INFO  FalconWebElement:245 - --------	typeTheText wrapper method inside MyWebElement class is executed successfully	--------
2023-07-27 17:57:37 INFO  FalconActions:78 - --------	EnterText wrapper method inside FalconActions class is executed successfully	--------
imageLocation : D:\FlexibPlus\DigitalAutomation\3i-Bank_FalconFramework/Screenshots/Regv1_Run573_27072023/TC_3i_bank_flow_DataSet1/
actualImageName : D:\FlexibPlus\DigitalAutomation\3i-Bank_FalconFramework/Screenshots/Regv1_Run573_27072023/TC_3i_bank_flow_DataSet1/User_Entered_text_into_the_dob_field@27_07_2023_17-57-37.png
2023-07-27 17:57:38 INFO  FalconActions:66 - --------	EnterText wrapper method inside FalconActions class is invoked successfully	--------
!!!!!!!!!!!!!!!!!!!!!!!!!
2023-07-27 17:57:38 INFO  FalconActions:1736 - [[ChromeDriver: chrome on WINDOWS (d777cf8480af0bd76db1eece8297ba87)] -> xpath: //input[@id='pancard']]
@@@@@@@@@@@@@@@@@@@@@@@@@@@
##############################
%%%%%%%%%%%%%%%%%%%%%
2023-07-27 17:57:38 INFO  FalconWebElement:238 - --------	typeTheText wrapper method inside MyWebElement class is invoked successfully	--------
2023-07-27 17:57:38 INFO  FalconWebElement:136 - --------	isDisplayedorNot wrapper method inside MyWebElement class is invoked successfully	--------
Element Displayed [[ChromeDriver: chrome on WINDOWS (d777cf8480af0bd76db1eece8297ba87)] -> xpath: //input[@id='pancard']]
2023-07-27 17:57:38 INFO  FalconWebElement:141 - --------	isDisplayedorNot wrapper method inside MyWebElement class is executed successfully	--------
2023-07-27 17:57:38 INFO  FalconWebElement:161 - --------	isEnabledorNot wrapper method inside MyWebElement class is invoked successfully	--------
2023-07-27 17:57:38 INFO  FalconWebElement:165 - --------	isEnabledorNot wrapper method inside MyWebElement class is executed successfully	--------
2023-07-27 17:57:39 INFO  FalconWebElement:245 - --------	typeTheText wrapper method inside MyWebElement class is executed successfully	--------
2023-07-27 17:57:39 INFO  FalconActions:78 - --------	EnterText wrapper method inside FalconActions class is executed successfully	--------
imageLocation : D:\FlexibPlus\DigitalAutomation\3i-Bank_FalconFramework/Screenshots/Regv1_Run573_27072023/TC_3i_bank_flow_DataSet1/
actualImageName : D:\FlexibPlus\DigitalAutomation\3i-Bank_FalconFramework/Screenshots/Regv1_Run573_27072023/TC_3i_bank_flow_DataSet1/User_Entered_text_into_the_pancard_field@27_07_2023_17-57-39.png
2023-07-27 17:57:40 INFO  FalconActions:66 - --------	EnterText wrapper method inside FalconActions class is invoked successfully	--------
!!!!!!!!!!!!!!!!!!!!!!!!!
2023-07-27 17:57:40 INFO  FalconActions:1736 - [[ChromeDriver: chrome on WINDOWS (d777cf8480af0bd76db1eece8297ba87)] -> xpath: //input[@id='mobileno']]
@@@@@@@@@@@@@@@@@@@@@@@@@@@
##############################
%%%%%%%%%%%%%%%%%%%%%
2023-07-27 17:57:40 INFO  FalconWebElement:238 - --------	typeTheText wrapper method inside MyWebElement class is invoked successfully	--------
2023-07-27 17:57:40 INFO  FalconWebElement:136 - --------	isDisplayedorNot wrapper method inside MyWebElement class is invoked successfully	--------
Element Displayed [[ChromeDriver: chrome on WINDOWS (d777cf8480af0bd76db1eece8297ba87)] -> xpath: //input[@id='mobileno']]
2023-07-27 17:57:40 INFO  FalconWebElement:141 - --------	isDisplayedorNot wrapper method inside MyWebElement class is executed successfully	--------
2023-07-27 17:57:40 INFO  FalconWebElement:161 - --------	isEnabledorNot wrapper method inside MyWebElement class is invoked successfully	--------
2023-07-27 17:57:40 INFO  FalconWebElement:165 - --------	isEnabledorNot wrapper method inside MyWebElement class is executed successfully	--------
2023-07-27 17:57:40 INFO  FalconWebElement:245 - --------	typeTheText wrapper method inside MyWebElement class is executed successfully	--------
2023-07-27 17:57:40 INFO  FalconActions:78 - --------	EnterText wrapper method inside FalconActions class is executed successfully	--------
imageLocation : D:\FlexibPlus\DigitalAutomation\3i-Bank_FalconFramework/Screenshots/Regv1_Run573_27072023/TC_3i_bank_flow_DataSet1/
actualImageName : D:\FlexibPlus\DigitalAutomation\3i-Bank_FalconFramework/Screenshots/Regv1_Run573_27072023/TC_3i_bank_flow_DataSet1/User_Entered_text_into_the_mobileno_field@27_07_2023_17-57-40.png
2023-07-27 17:57:41 INFO  FalconActions:66 - --------	EnterText wrapper method inside FalconActions class is invoked successfully	--------
!!!!!!!!!!!!!!!!!!!!!!!!!
2023-07-27 17:57:41 INFO  FalconActions:1736 - [[ChromeDriver: chrome on WINDOWS (d777cf8480af0bd76db1eece8297ba87)] -> xpath: //input[@id='email']]
@@@@@@@@@@@@@@@@@@@@@@@@@@@
##############################
%%%%%%%%%%%%%%%%%%%%%
2023-07-27 17:57:41 INFO  FalconWebElement:238 - --------	typeTheText wrapper method inside MyWebElement class is invoked successfully	--------
2023-07-27 17:57:41 INFO  FalconWebElement:136 - --------	isDisplayedorNot wrapper method inside MyWebElement class is invoked successfully	--------
Element Displayed [[ChromeDriver: chrome on WINDOWS (d777cf8480af0bd76db1eece8297ba87)] -> xpath: //input[@id='email']]
2023-07-27 17:57:41 INFO  FalconWebElement:141 - --------	isDisplayedorNot wrapper method inside MyWebElement class is executed successfully	--------
2023-07-27 17:57:41 INFO  FalconWebElement:161 - --------	isEnabledorNot wrapper method inside MyWebElement class is invoked successfully	--------
2023-07-27 17:57:41 INFO  FalconWebElement:165 - --------	isEnabledorNot wrapper method inside MyWebElement class is executed successfully	--------
2023-07-27 17:57:41 INFO  FalconWebElement:245 - --------	typeTheText wrapper method inside MyWebElement class is executed successfully	--------
2023-07-27 17:57:41 INFO  FalconActions:78 - --------	EnterText wrapper method inside FalconActions class is executed successfully	--------
imageLocation : D:\FlexibPlus\DigitalAutomation\3i-Bank_FalconFramework/Screenshots/Regv1_Run573_27072023/TC_3i_bank_flow_DataSet1/
actualImageName : D:\FlexibPlus\DigitalAutomation\3i-Bank_FalconFramework/Screenshots/Regv1_Run573_27072023/TC_3i_bank_flow_DataSet1/User_Entered_text_into_the_email_field@27_07_2023_17-57-42.png
!!!!!!!!!!!!!!!!!!!!!!!!!
2023-07-27 17:57:43 INFO  FalconActions:1736 - [[ChromeDriver: chrome on WINDOWS (d777cf8480af0bd76db1eece8297ba87)] -> xpath: //div[@class='col-md-9']//button[@type='button'][normalize-space()='Save']]
@@@@@@@@@@@@@@@@@@@@@@@@@@@
##############################
%%%%%%%%%%%%%%%%%%%%%
2023-07-27 17:57:43 INFO  FalconActions:960 - --------	click wrapper method inside MyAction class is invoked successfully	--------
!!!!!!!!!!!!!!!!!!!!!!!!!
2023-07-27 17:57:43 INFO  FalconActions:1736 - [[ChromeDriver: chrome on WINDOWS (d777cf8480af0bd76db1eece8297ba87)] -> xpath: //div[@class='col-md-9']//button[@type='button'][normalize-space()='Save']]
@@@@@@@@@@@@@@@@@@@@@@@@@@@
##############################
%%%%%%%%%%%%%%%%%%%%%
imageLocation : D:\FlexibPlus\DigitalAutomation\3i-Bank_FalconFramework/Screenshots/Regv1_Run573_27072023/TC_3i_bank_flow_DataSet1/
actualImageName : D:\FlexibPlus\DigitalAutomation\3i-Bank_FalconFramework/Screenshots/Regv1_Run573_27072023/TC_3i_bank_flow_DataSet1/User_clicked_on_the_save_button@27_07_2023_17-57-43.png
2023-07-27 17:57:44 INFO  FalconActions:1887 - --------	EnterText wrapper method inside FalconActions class is invoked successfully	--------
!!!!!!!!!!!!!!!!!!!!!!!!!
2023-07-27 17:57:44 INFO  FalconActions:1736 - [[ChromeDriver: chrome on WINDOWS (d777cf8480af0bd76db1eece8297ba87)] -> css selector: #mystatus]
@@@@@@@@@@@@@@@@@@@@@@@@@@@
##############################
%%%%%%%%%%%%%%%%%%%%%
2023-07-27 17:57:44 INFO  FalconActions:1897 - Actual and Expected texts are equal: Actual is: <b>Details Saved Successfully</b> and Expected is: <b>Details Saved Successfully</b>
imageLocation : D:\FlexibPlus\DigitalAutomation\3i-Bank_FalconFramework/Screenshots/Regv1_Run573_27072023/TC_3i_bank_flow_DataSet1/
actualImageName : D:\FlexibPlus\DigitalAutomation\3i-Bank_FalconFramework/Screenshots/Regv1_Run573_27072023/TC_3i_bank_flow_DataSet1/Actual_and_Expected_texts_are_Equal_for_<u>pass</u>_:_Actual_is:_Details_Saved_Successfully_and_Expected_is:_Details_Saved_Successfully@27_07_2023_17-57-44.png
!!!!!!!!!!!!!!!!!!!!!!!!!
2023-07-27 17:57:45 INFO  FalconActions:1736 - [[ChromeDriver: chrome on WINDOWS (d777cf8480af0bd76db1eece8297ba87)] -> xpath: //img[@id='profileimg']]
@@@@@@@@@@@@@@@@@@@@@@@@@@@
##############################
%%%%%%%%%%%%%%%%%%%%%
2023-07-27 17:57:45 INFO  FalconActions:960 - --------	click wrapper method inside MyAction class is invoked successfully	--------
!!!!!!!!!!!!!!!!!!!!!!!!!
2023-07-27 17:57:45 INFO  FalconActions:1736 - [[ChromeDriver: chrome on WINDOWS (d777cf8480af0bd76db1eece8297ba87)] -> xpath: //img[@id='profileimg']]
@@@@@@@@@@@@@@@@@@@@@@@@@@@
##############################
%%%%%%%%%%%%%%%%%%%%%
imageLocation : D:\FlexibPlus\DigitalAutomation\3i-Bank_FalconFramework/Screenshots/Regv1_Run573_27072023/TC_3i_bank_flow_DataSet1/
actualImageName : D:\FlexibPlus\DigitalAutomation\3i-Bank_FalconFramework/Screenshots/Regv1_Run573_27072023/TC_3i_bank_flow_DataSet1/User_clicked_on_the_LogoutImage@27_07_2023_17-57-46.png
2023-07-27 17:57:47 INFO  FalconActions:960 - --------	click wrapper method inside MyAction class is invoked successfully	--------
!!!!!!!!!!!!!!!!!!!!!!!!!
2023-07-27 17:57:47 INFO  FalconActions:1736 - [[ChromeDriver: chrome on WINDOWS (d777cf8480af0bd76db1eece8297ba87)] -> xpath: //a/span[text()='Logout']]
@@@@@@@@@@@@@@@@@@@@@@@@@@@
##############################
%%%%%%%%%%%%%%%%%%%%%
imageLocation : D:\FlexibPlus\DigitalAutomation\3i-Bank_FalconFramework/Screenshots/Regv1_Run573_27072023/TC_3i_bank_flow_DataSet1/
actualImageName : D:\FlexibPlus\DigitalAutomation\3i-Bank_FalconFramework/Screenshots/Regv1_Run573_27072023/TC_3i_bank_flow_DataSet1/User_clicked_on_the_SignOut@27_07_2023_17-57-47.png
PPPPPPPPPPPPPPPPPPPPPPPPPPPPPSUCCESSTC_3i_bank_flow ON DATASET1 *** DESKTOP ***   ***   *** CHROME
2023-07-27 17:57:48 INFO  TestBase:63 - ===onTestSuccess Start===
2023-07-27 17:57:48 INFO  TestBase:64 - 1
2023-07-27 17:57:48 INFO  TestBase:65 - 1
2023-07-27 17:57:48 INFO  TestBase:68 - TC_3i_bank_flow ON DATASET1 *** DESKTOP ***   ***   *** CHROME test is Pass
onTestSuccess : TC_3i_bank_flow ON DATASET1 *** DESKTOP ***   ***   *** CHROME
imageLocation : D:\FlexibPlus\DigitalAutomation\3i-Bank_FalconFramework/Screenshots/Regv1_Run573_27072023/TC_3i_bank_flow_DataSet1/
actualImageName : D:\FlexibPlus\DigitalAutomation\3i-Bank_FalconFramework/Screenshots/Regv1_Run573_27072023/TC_3i_bank_flow_DataSet1/blank@27_07_2023_17-57-49.png
imageLocation : D:\FlexibPlus\DigitalAutomation\3i-Bank_FalconFramework/Screenshots/Regv1_Run573_27072023/TC_3i_bank_flow_DataSet1/
actualImageName : D:\FlexibPlus\DigitalAutomation\3i-Bank_FalconFramework/Screenshots/Regv1_Run573_27072023/TC_3i_bank_flow_DataSet1/blank@27_07_2023_17-57-51.png
2023-07-27 17:57:52 INFO  TestBase:218 - Screen shot captured from path : D:\FlexibPlus\DigitalAutomation\3i-Bank_FalconFramework/Screenshots/Regv1_Run573_27072023/TC_3i_bank_flow_DataSet1/blank@27_07_2023_17-57-49.png
2023-07-27 17:57:53 INFO  TestBase:109 - Driver closed
2023-07-27 17:57:53 INFO  TestBase:305 - AfterMethod started execution for generating report
2023-07-27 17:57:53 INFO  TestBase:306 - result.getName() : TC_3i_bank_flow ON DATASET1 *** DESKTOP ***   ***   *** CHROME
36.133 seconds
2023-07-27 17:57:53 INFO  TestBase:313 - Total time (in Seconds) is :36.133 for method TC_3i_bank_flow ON DATASET1 *** DESKTOP ***   ***   *** CHROME
After method invoked !@#$%#@#$#####################################################
2023-07-27 17:57:58 INFO  TestBase:406 - Writing of excel report started
2023-07-27 17:57:58 INFO  TestBase:992 - ===getTestCasePositionBasedOnScriptName Started====
2023-07-27 17:57:58 INFO  TestBase:1002 - TC_3i_bank_flow Test Case is present to execute.
2023-07-27 17:57:58 INFO  TestBase:409 - getTestScriptRowNumstatic : 3
Current Report row Count :2
Consolidated Report row Count :37
2023-07-27 17:57:58 INFO  TestBase:423 - TEST CASE AVAILABLE WITH REFERENCE TO TEST SCRIPT
2023-07-27 17:57:58 INFO  TestBase:435 - !!!!!!!!!!TEST CASE DATA!!!!!!!!!!
2023-07-27 17:57:58 INFO  TestBase:436 - Test Case id ===> TC_3i_bank_flow
2023-07-27 17:57:58 INFO  TestBase:437 - Test Case name ===> TC_3i_bank_flow
2023-07-27 17:57:58 INFO  TestBase:438 - Test Case description ===> TC_3i_bank_flow
2023-07-27 17:57:58 INFO  TestBase:439 - Test Script name ===> TC_3i_bank_flow
2023-07-27 17:57:58 INFO  TestBase:440 - !!!!!!!!!!TEST CASE DATA!!!!!!!!!!
2023-07-27 17:57:59 INFO  TestBase:548 - Writing of excel report done
2023-07-27 17:57:59 INFO  TestBase:76 - Writing of extent report done
|||||||||||||||||||||||||||||||||||||||||||||||||||||||||||||||||||||||||||||
2023-07-27 17:58:02 INFO  TestBase:561 - Writing of excel ReportResponseTimes started
2023-07-27 17:58:02 INFO  TestBase:992 - ===getTestCasePositionBasedOnScriptName Started====
2023-07-27 17:58:02 INFO  TestBase:565 - getTestScriptRowNumstatic1 : 0
Current Report row Count :0
2023-07-27 17:58:02 INFO  TestBase:713 - Writing of ResponseTimes report done
RECORDINGGGGGGGGGGGGGGGGGGGGGGGGG NOT NEEDED
2023-07-27 17:58:02 INFO  TestBase:863 - RECORDINGGGGGGGGGGGGGGGGGGGGGGGGG NOT NEEDED
1.69048064E9 seconds
2023-07-27 17:58:02 INFO  TestBase:1022 - Total time for class (in Seconds) is :1.69048064E9
Move directory from D:\FlexibPlus\DigitalAutomation\3i-Bank_FalconFramework\ExcelData\TestCases.xlsx to D:\FlexibPlus\DigitalAutomation\3i-Bank_FalconFramework\Report\Regv1_Run573_27072023
2023-07-27 17:58:02 INFO  UtilityMethods:1346 - Move directory from D:\FlexibPlus\DigitalAutomation\3i-Bank_FalconFramework\ExcelData\TestCases.xlsx to D:\FlexibPlus\DigitalAutomation\3i-Bank_FalconFramework\Report\Regv1_Run573_27072023
2023-07-27 17:58:02 INFO  TestBase:1025 - After Class Setting RunCount
2023-07-27 17:58:02 INFO  TestBase:1028 - ********************************
2023-07-27 17:58:02 INFO  TestBase:1029 - 573
2023-07-27 17:58:02 INFO  TestBase:722 - ===========setProperyValue Start=================
2023-07-27 17:58:02 INFO  TestBase:723 - sProperty : runcount
2023-07-27 17:58:02 INFO  TestBase:724 - sValue : 574
2023-07-27 17:58:02 INFO  TestBase:729 - Updating runcount Property with value 574
2023-07-27 17:58:02 INFO  TestBase:731 - ===========setProperyValue End=================

===============================================
Regression suite
Total tests run: 2, Failures: 0, Skips: 0
===============================================

1 of 4: Capturing dashboard statistics...
2 of 4: Capturing class metrics...
3 of 4: Capturing test metrics...
4 of 4: Capturing method metrics...
TestNG Metrics Metrics-2023Jul27-1758.html is created successfully
]]></system-out>
    <system-err><![CDATA[Starting ChromeDriver 114.0.5735.90 (386bc09e8f4f2e025eddae123f36f6263096ae49-refs/branch-heads/5735@{#1052}) on port 43333
Only local connections are allowed.
Please see https://chromedriver.chromium.org/security-considerations for suggestions on keeping ChromeDriver safe.
ChromeDriver was started successfully.
Jul 27, 2023 5:56:45 PM org.openqa.selenium.remote.ProtocolHandshake createSession
INFO: Detected dialect: W3C
Starting ChromeDriver 114.0.5735.90 (386bc09e8f4f2e025eddae123f36f6263096ae49-refs/branch-heads/5735@{#1052}) on port 63667
Only local connections are allowed.
Please see https://chromedriver.chromium.org/security-considerations for suggestions on keeping ChromeDriver safe.
ChromeDriver was started successfully.
Jul 27, 2023 5:57:18 PM org.openqa.selenium.remote.ProtocolHandshake createSession
INFO: Detected dialect: W3C
java.io.IOException: Destination 'D:\FlexibPlus\DigitalAutomation\3i-Bank_FalconFramework\Screenshots\Regv1_Run573_27072023\TC_3i_bank_flow_DataSet1\Actual_and_Expected_texts_are_Equal_for_<u>pass<\u>_:_Actual_is:_Details_Saved_Successfully_and_Expected_is:_Details_Saved_Successfully@27_07_2023_17-57-44.png' directory cannot be created
	at org.apache.commons.io.FileUtils.copyFile(FileUtils.java:646)
	at org.apache.commons.io.FileUtils.copyFile(FileUtils.java:606)
	at com.falcon.driver.TestBase.getScreenshot(TestBase.java:784)
	at com.falcon.reports.Reports.logEvent(Reports.java:112)
	at com.falcon.actions.FalconActions.SoftVerifyText(FalconActions.java:1898)
	at com.falcon.pages.Personal_Details.PersonalDetails(Personal_Details.java:88)
	at com.falcon.TestCases.TC_3i_bank_flow.TC_3i_bank_flow(TC_3i_bank_flow.java:36)
	at java.base/jdk.internal.reflect.NativeMethodAccessorImpl.invoke0(Native Method)
	at java.base/jdk.internal.reflect.NativeMethodAccessorImpl.invoke(NativeMethodAccessorImpl.java:62)
	at java.base/jdk.internal.reflect.DelegatingMethodAccessorImpl.invoke(DelegatingMethodAccessorImpl.java:43)
	at java.base/java.lang.reflect.Method.invoke(Method.java:566)
	at org.testng.internal.MethodInvocationHelper.invokeMethod(MethodInvocationHelper.java:124)
	at org.testng.internal.Invoker.invokeMethod(Invoker.java:583)
	at org.testng.internal.Invoker.invokeTestMethod(Invoker.java:719)
	at org.testng.internal.Invoker.invokeTestMethods(Invoker.java:989)
	at org.testng.internal.TestMethodWorker.invokeTestMethods(TestMethodWorker.java:125)
	at org.testng.internal.TestMethodWorker.run(TestMethodWorker.java:109)
	at org.testng.TestRunner.privateRun(TestRunner.java:648)
	at org.testng.TestRunner.run(TestRunner.java:505)
	at org.testng.SuiteRunner.runTest(SuiteRunner.java:455)
	at org.testng.SuiteRunner.runSequentially(SuiteRunner.java:450)
	at org.testng.SuiteRunner.privateRun(SuiteRunner.java:415)
	at org.testng.SuiteRunner.run(SuiteRunner.java:364)
	at org.testng.SuiteRunnerWorker.runSuite(SuiteRunnerWorker.java:52)
	at org.testng.SuiteRunnerWorker.run(SuiteRunnerWorker.java:84)
	at org.testng.TestNG.runSuitesSequentially(TestNG.java:1208)
	at org.testng.TestNG.runSuitesLocally(TestNG.java:1137)
	at org.testng.TestNG.runSuites(TestNG.java:1049)
	at org.testng.TestNG.run(TestNG.java:1017)
	at com.falcon.TestCases.FalconRunnabletest.executeTestCases(FalconRunnabletest.java:113)
	at java.base/jdk.internal.reflect.NativeMethodAccessorImpl.invoke0(Native Method)
	at java.base/jdk.internal.reflect.NativeMethodAccessorImpl.invoke(NativeMethodAccessorImpl.java:62)
	at java.base/jdk.internal.reflect.DelegatingMethodAccessorImpl.invoke(DelegatingMethodAccessorImpl.java:43)
	at java.base/java.lang.reflect.Method.invoke(Method.java:566)
	at org.testng.internal.MethodInvocationHelper.invokeMethod(MethodInvocationHelper.java:124)
	at org.testng.internal.Invoker.invokeMethod(Invoker.java:583)
	at org.testng.internal.Invoker.invokeTestMethod(Invoker.java:719)
	at org.testng.internal.Invoker.invokeTestMethods(Invoker.java:989)
	at org.testng.internal.TestMethodWorker.invokeTestMethods(TestMethodWorker.java:125)
	at org.testng.internal.TestMethodWorker.run(TestMethodWorker.java:109)
	at org.testng.TestRunner.privateRun(TestRunner.java:648)
	at org.testng.TestRunner.run(TestRunner.java:505)
	at org.testng.SuiteRunner.runTest(SuiteRunner.java:455)
	at org.testng.SuiteRunner.runSequentially(SuiteRunner.java:450)
	at org.testng.SuiteRunner.privateRun(SuiteRunner.java:415)
	at org.testng.SuiteRunner.run(SuiteRunner.java:364)
	at org.testng.SuiteRunnerWorker.runSuite(SuiteRunnerWorker.java:52)
	at org.testng.SuiteRunnerWorker.run(SuiteRunnerWorker.java:84)
	at org.testng.TestNG.runSuitesSequentially(TestNG.java:1208)
	at org.testng.TestNG.runSuitesLocally(TestNG.java:1137)
	at org.testng.TestNG.runSuites(TestNG.java:1049)
	at org.testng.TestNG.run(TestNG.java:1017)
	at org.apache.maven.surefire.testng.TestNGExecutor.run(TestNGExecutor.java:136)
	at org.apache.maven.surefire.testng.TestNGDirectoryTestSuite.executeSingleClass(TestNGDirectoryTestSuite.java:112)
	at org.apache.maven.surefire.testng.TestNGDirectoryTestSuite.execute(TestNGDirectoryTestSuite.java:99)
	at org.apache.maven.surefire.testng.TestNGProvider.invoke(TestNGProvider.java:145)
	at org.apache.maven.surefire.booter.ForkedBooter.runSuitesInProcess(ForkedBooter.java:428)
	at org.apache.maven.surefire.booter.ForkedBooter.execute(ForkedBooter.java:162)
	at org.apache.maven.surefire.booter.ForkedBooter.run(ForkedBooter.java:562)
	at org.apache.maven.surefire.booter.ForkedBooter.main(ForkedBooter.java:548)
]]></system-err>
  </testcase>
</testsuite>